#
# A fatal error has been detected by the Java Runtime Environment:
#
#  EXCEPTION_ACCESS_VIOLATION (0xc0000005) at pc=0x00007ffce44b6407, pid=16460, tid=17120
#
# JRE version: Java(TM) SE Runtime Environment (18.0.2.1+1) (build 18.0.2.1+1-1)
# Java VM: Java HotSpot(TM) 64-Bit Server VM (18.0.2.1+1-1, mixed mode, sharing, tiered, compressed oops, compressed class ptrs, g1 gc, windows-amd64)
# Problematic frame:
# C  [glass.dll+0x26407]
#
# No core dump will be written. Minidumps are not enabled by default on client versions of Windows
#
# If you would like to submit a bug report, please visit:
#   https://bugreport.java.com/bugreport/crash.jsp
#

---------------  S U M M A R Y ------------

Command Line: -javaagent:C:\Program Files\JetBrains\IntelliJ IDEA Community Edition 2023.2.2\lib\idea_rt.jar=53804:C:\Program Files\JetBrains\IntelliJ IDEA Community Edition 2023.2.2\bin -Dfile.encoding=UTF-8 -Dsun.stdout.encoding=UTF-8 -Dsun.stderr.encoding=UTF-8 --module-path=C:\Users\jango\.m2\repository\org\openjfx\javafx-graphics\20\javafx-graphics-20-win.jar;C:\Users\jango\.m2\repository\org\openjfx\javafx-fxml\20\javafx-fxml-20-win.jar;C:\Users\jango\.m2\repository\org\openjfx\javafx-base\20\javafx-base-20-win.jar;C:\git\EgretRepo\GymManagerEgret\target\classes;C:\Users\jango\.m2\repository\com\google\code\gson\gson\2.10.1\gson-2.10.1.jar;C:\Users\jango\.m2\repository\com\opencsv\opencsv\5.2\opencsv-5.2.jar;C:\Users\jango\.m2\repository\org\openjfx\javafx-controls\20\javafx-controls-20-win.jar -Djdk.module.main=edu.augustana edu.augustana/edu.augustana.App

Host: Intel(R) Core(TM) i9-10885H CPU @ 2.40GHz, 16 cores, 31G,  Windows 10 , 64 bit Build 19041 (10.0.19041.3570)
Time: Mon Nov 13 14:12:03 2023 Central Standard Time elapsed time: 80.315834 seconds (0d 0h 1m 20s)

---------------  T H R E A D  ---------------

Current thread (0x000002725bd33120):  VMThread "VM Thread" [stack: 0x000000be4e800000,0x000000be4e900000] [id=17120]

Stack: [0x000000be4e800000,0x000000be4e900000],  sp=0x000000be4e8fee90,  free space=1019k
Native frames: (J=compiled Java code, j=interpreted, Vv=VM code, C=native code)
C  [glass.dll+0x26407]


siginfo: EXCEPTION_ACCESS_VIOLATION (0xc0000005), reading address 0x0000000000000000


Register to memory mapping:

RIP=0x00007ffce44b6407 glass.dll
RAX=0x0 is NULL
RBX=0x000002725bd3fb90 is a global jni handle
RCX=0x000002725bd33120 points into unknown readable memory: 0x00007ffca1efea28 | 28 ea ef a1 fc 7f 00 00
RDX=0x000000be4e8fee90 points into unknown readable memory: 0x0000000000000000 | 00 00 00 00 00 00 00 00
RSP=0x000000be4e8fee90 points into unknown readable memory: 0x0000000000000000 | 00 00 00 00 00 00 00 00
RBP=0x0000027261ab3188 points into unknown readable memory: 0x00007362ed755351 | 51 53 75 ed 62 73 00 00
RSI=0x0000027261ab3160 points into unknown readable memory: 0xfff9bbf49dc55351 | 51 53 c5 9d f4 bb f9 ff
RDI=0x00007362ed755351 is an unknown value
R8 =0x0000000000010002 is an unknown value
R9 =0x00007362ed755351 is an unknown value
R10=0x0000000000008000 is an unknown value
R11=0x000000be4e8fee20 points into unknown readable memory: 0x0000027261ab3160 | 60 31 ab 61 72 02 00 00
R12=0x00007ffce44b3d40 glass.dll
R13=0x00007ffca20c0c00 jvm.dll
R14=0x000000be4e8fef88 points into unknown readable memory: 0x000000be4e8fef70 | 70 ef 8f 4e be 00 00 00
R15=0x0000027261ab3160 points into unknown readable memory: 0xfff9bbf49dc55351 | 51 53 c5 9d f4 bb f9 ff


Registers:
RAX=0x0000000000000000, RBX=0x000002725bd3fb90, RCX=0x000002725bd33120, RDX=0x000000be4e8fee90
RSP=0x000000be4e8fee90, RBP=0x0000027261ab3188, RSI=0x0000027261ab3160, RDI=0x00007362ed755351
R8 =0x0000000000010002, R9 =0x00007362ed755351, R10=0x0000000000008000, R11=0x000000be4e8fee20
R12=0x00007ffce44b3d40, R13=0x00007ffca20c0c00, R14=0x000000be4e8fef88, R15=0x0000027261ab3160
RIP=0x00007ffce44b6407, EFLAGS=0x0000000000010206

Top of Stack: (sp=0x000000be4e8fee90)
0x000000be4e8fee90:   0000000000000000 0000027261ab3160
0x000000be4e8feea0:   00007ffca20c0c00 00007ffce44b3d40
0x000000be4e8feeb0:   0000027261ab3168 00007ffd25a942d6
0x000000be4e8feec0:   00007362ed755351 0000027200000000
0x000000be4e8feed0:   0000027261ab3188 0000027261ab3160
0x000000be4e8feee0:   fffffffffffffffe 0000000000000000
0x000000be4e8feef0:   0000000000000001 00007ffce4490000
0x000000be4e8fef00:   000000be4e8fef78 00007ffd25a941fb
0x000000be4e8fef10:   0000000000000000 000000be4e8fef88
0x000000be4e8fef20:   000000be4e8ff260 00007ffd25b70e40
0x000000be4e8fef30:   0000000000000001 00007ffd25a941b4
0x000000be4e8fef40:   0000000000000000 0000000000000001
0x000000be4e8fef50:   0000000000000001 000000be4e8fef78
0x000000be4e8fef60:   0000000000000000 00007ffce44b3bcd
0x000000be4e8fef70:   00007ffce44c9f88 00007ffc00000002
0x000000be4e8fef80:   0000000000000002 000000be4e8fef70 

Instructions: (pc=0x00007ffce44b6407)
0x00007ffce44b6307:   8b 4d 58 e8 7d cf ff ff 48 8b 4d 60 e8 74 cf ff
0x00007ffce44b6317:   ff 48 8b 95 80 00 00 00 48 8b 8d 18 01 00 00 e8
0x00007ffce44b6327:   66 c4 ff ff 33 d2 33 c9 e8 bc e1 ff ff 90 48 89
0x00007ffce44b6337:   54 24 10 55 48 83 ec 20 48 8b ea 48 b8 00 00 00
0x00007ffce44b6347:   00 00 00 00 00 48 83 c4 20 5d c3 cc 40 55 48 8b
0x00007ffce44b6357:   ea 48 8b 01 33 c9 81 38 05 00 00 c0 0f 94 c1 8b
0x00007ffce44b6367:   c1 5d c3 cc 40 55 48 83 ec 20 48 8b ea 8a 4d 40
0x00007ffce44b6377:   48 83 c4 20 5d e9 63 d3 ff ff cc 40 55 48 83 ec
0x00007ffce44b6387:   20 48 8b ea 8a 4d 20 e8 51 d3 ff ff 90 48 83 c4
0x00007ffce44b6397:   20 5d c3 cc 40 55 48 83 ec 20 48 8b ea 48 83 c4
0x00007ffce44b63a7:   20 5d e9 b2 d1 ff ff cc 40 55 48 83 ec 30 48 8b
0x00007ffce44b63b7:   ea 48 8b 01 8b 10 48 89 4c 24 28 89 54 24 20 4c
0x00007ffce44b63c7:   8d 0d 53 d6 ff ff 4c 8b 45 70 8b 55 68 48 8b 4d
0x00007ffce44b63d7:   60 e8 f3 d0 ff ff 90 48 83 c4 30 5d c3 cc cc cc
0x00007ffce44b63e7:   cc cc cc cc cc cc cc cc cc 40 53 48 83 ec 20 48
0x00007ffce44b63f7:   8b 1d 8b 35 01 00 48 85 db 74 16 e8 79 8b ff ff
0x00007ffce44b6407:   4c 8b 00 48 8b d3 48 8b c8 41 ff 90 b0 00 00 00
0x00007ffce44b6417:   90 48 83 c4 20 5b c3 cc cc 40 53 48 83 ec 20 48
0x00007ffce44b6427:   8b 1d fb 36 01 00 48 85 db 74 57 b8 ff ff ff ff
0x00007ffce44b6437:   f0 0f c1 43 10 83 f8 01 75 3d 48 85 db 74 38 48
0x00007ffce44b6447:   8b 0b 48 85 c9 74 0d ff 15 54 0e 00 00 48 c7 03
0x00007ffce44b6457:   00 00 00 00 48 8b 4b 08 48 85 c9 74 0d e8 23 ce
0x00007ffce44b6467:   ff ff 48 c7 43 08 00 00 00 00 ba 18 00 00 00 48
0x00007ffce44b6477:   8b cb e8 0e ce ff ff 48 c7 05 9f 36 01 00 00 00
0x00007ffce44b6487:   00 00 48 83 c4 20 5b c3 cc 40 53 48 83 ec 20 48
0x00007ffce44b6497:   8b 1d 6b 36 01 00 48 85 db 74 57 b8 ff ff ff ff
0x00007ffce44b64a7:   f0 0f c1 43 10 83 f8 01 75 3d 48 85 db 74 38 48
0x00007ffce44b64b7:   8b 0b 48 85 c9 74 0d ff 15 e4 0d 00 00 48 c7 03
0x00007ffce44b64c7:   00 00 00 00 48 8b 4b 08 48 85 c9 74 0d e8 b3 cd
0x00007ffce44b64d7:   ff ff 48 c7 43 08 00 00 00 00 ba 18 00 00 00 48
0x00007ffce44b64e7:   8b cb e8 9e cd ff ff 48 c7 05 0f 36 01 00 00 00
0x00007ffce44b64f7:   00 00 48 83 c4 20 5b c3 cc 40 53 48 83 ec 20 48 


Stack slot to memory mapping:
stack at sp + 0 slots: 0x0 is NULL
stack at sp + 1 slots: 0x0000027261ab3160 points into unknown readable memory: 0xfff9bbf49dc55351 | 51 53 c5 9d f4 bb f9 ff
stack at sp + 2 slots: 0x00007ffca20c0c00 jvm.dll
stack at sp + 3 slots: 0x00007ffce44b3d40 glass.dll
stack at sp + 4 slots: 0x0000027261ab3168 points into unknown readable memory: 0x00007362ed755351 | 51 53 75 ed 62 73 00 00
stack at sp + 5 slots: 0x00007ffd25a942d6 ucrtbase.dll
stack at sp + 6 slots: 0x00007362ed755351 is an unknown value
stack at sp + 7 slots: 0x0000027200000000 points into unknown readable memory: 0x0000000000000000 | 00 00 00 00 00 00 00 00

VM_Operation (0x000000be4dfff3e0): Exit, mode: safepoint, requested by thread 0x0000027262266ef0


---------------  P R O C E S S  ---------------

Threads class SMR info:
_java_thread_list=0x000002726259bf50, length=20, elements={
0x000002722f9c1580, 0x000002725bd39120, 0x000002725bd3ad90, 0x000002725bd56b00,
0x000002725bd574a0, 0x000002725bd58390, 0x000002725bd65c60, 0x000002725bd683a0,
0x000002725bd739e0, 0x000002725bd20ec0, 0x00000272610b8990, 0x000002726107af60,
0x0000027260e19ac0, 0x0000027261c04800, 0x000002726177d640, 0x00000272622690a0,
0x0000027262268230, 0x0000027262265bb0, 0x0000027262266550, 0x0000027262266ef0
}

Java Threads: ( => current thread )
  0x000002722f9c1580 JavaThread "main" [_thread_blocked, id=25700, stack(0x000000be4e200000,0x000000be4e300000)]
  0x000002725bd39120 JavaThread "Reference Handler" daemon [_thread_blocked, id=13248, stack(0x000000be4e900000,0x000000be4ea00000)]
  0x000002725bd3ad90 JavaThread "Finalizer" daemon [_thread_blocked, id=5984, stack(0x000000be4ea00000,0x000000be4eb00000)]
  0x000002725bd56b00 JavaThread "Attach Listener" daemon [_thread_blocked, id=18416, stack(0x000000be4ec00000,0x000000be4ed00000)]
  0x000002725bd574a0 JavaThread "Service Thread" daemon [_thread_blocked, id=26220, stack(0x000000be4ed00000,0x000000be4ee00000)]
  0x000002725bd58390 JavaThread "Monitor Deflation Thread" daemon [_thread_blocked, id=13752, stack(0x000000be4ee00000,0x000000be4ef00000)]
  0x000002725bd65c60 JavaThread "C2 CompilerThread0" daemon [_thread_blocked, id=21252, stack(0x000000be4ef00000,0x000000be4f000000)]
  0x000002725bd683a0 JavaThread "C1 CompilerThread0" daemon [_thread_blocked, id=8024, stack(0x000000be4f000000,0x000000be4f100000)]
  0x000002725bd739e0 JavaThread "Sweeper thread" daemon [_thread_blocked, id=24204, stack(0x000000be4f100000,0x000000be4f200000)]
  0x000002725bd20ec0 JavaThread "Common-Cleaner" daemon [_thread_blocked, id=19024, stack(0x000000be4f300000,0x000000be4f400000)]
  0x00000272610b8990 JavaThread "Monitor Ctrl-Break" daemon [_thread_in_native, id=12356, stack(0x000000be4fa00000,0x000000be4fb00000)]
  0x000002726107af60 JavaThread "Notification Thread" daemon [_thread_blocked, id=25900, stack(0x000000be4fb00000,0x000000be4fc00000)]
  0x0000027260e19ac0 JavaThread "QuantumRenderer-0" daemon [_thread_blocked, id=18652, stack(0x000000be4f800000,0x000000be4f900000)]
  0x0000027261c04800 JavaThread "InvokeLaterDispatcher" daemon [_thread_blocked, id=22880, stack(0x000000be4f600000,0x000000be4f700000)]
  0x000002726177d640 JavaThread "JavaFX Application Thread" [_thread_in_native, id=26044, stack(0x000000be4f700000,0x000000be4f800000)]
  0x00000272622690a0 JavaThread "Thread-1" daemon [_thread_in_native, id=22756, stack(0x000000be4ff00000,0x000000be50000000)]
  0x0000027262268230 JavaThread "JavaFX-Launcher" [_thread_blocked, id=25104, stack(0x000000be4f400000,0x000000be4f500000)]
  0x0000027262265bb0 JavaThread "Prism Font Disposer" daemon [_thread_blocked, id=26424, stack(0x000000be51300000,0x000000be51400000)]
  0x0000027262266550 JavaThread "Cleaner-0" daemon [_thread_blocked, id=21228, stack(0x000000be51000000,0x000000be51100000)]
  0x0000027262266ef0 JavaThread "SIGINT handler" daemon [_thread_blocked, id=20304, stack(0x000000be4df00000,0x000000be4e000000)]

Other Threads:
=>0x000002725bd33120 VMThread "VM Thread" [stack: 0x000000be4e800000,0x000000be4e900000] [id=17120]
  0x000002722fa755d0 WorkerThread "GC Thread#0" [stack: 0x000000be4e300000,0x000000be4e400000] [id=15524]
  0x00000272623a0e20 WorkerThread "GC Thread#1" [stack: 0x000000be50000000,0x000000be50100000] [id=3552]
  0x00000272623a10c0 WorkerThread "GC Thread#2" [stack: 0x000000be50100000,0x000000be50200000] [id=20380]
  0x00000272623a1360 WorkerThread "GC Thread#3" [stack: 0x000000be50200000,0x000000be50300000] [id=7184]
  0x00000272623a2320 WorkerThread "GC Thread#4" [stack: 0x000000be50300000,0x000000be50400000] [id=22804]
  0x00000272623a18a0 WorkerThread "GC Thread#5" [stack: 0x000000be50400000,0x000000be50500000] [id=11908]
  0x00000272623a25c0 WorkerThread "GC Thread#6" [stack: 0x000000be50500000,0x000000be50600000] [id=21244]
  0x00000272623a1b40 WorkerThread "GC Thread#7" [stack: 0x000000be50600000,0x000000be50700000] [id=26604]
  0x00000272624dc320 WorkerThread "GC Thread#8" [stack: 0x000000be50700000,0x000000be50800000] [id=7876]
  0x00000272624db0c0 WorkerThread "GC Thread#9" [stack: 0x000000be50800000,0x000000be50900000] [id=7404]
  0x00000272624dbb40 WorkerThread "GC Thread#10" [stack: 0x000000be50900000,0x000000be50a00000] [id=14680]
  0x00000272624da8e0 WorkerThread "GC Thread#11" [stack: 0x000000be50a00000,0x000000be50b00000] [id=19676]
  0x00000272624db360 WorkerThread "GC Thread#12" [stack: 0x000000be50e00000,0x000000be50f00000] [id=20944]
  0x000002722fa86310 ConcurrentGCThread "G1 Main Marker" terminated
  0x000002722fa874a0 WorkerThread "G1 Conc#0" [stack: 0x000000be4e500000,0x000000be4e600000] [id=1068]
  0x00000272624dc5c0 WorkerThread "G1 Conc#1" [stack: 0x000000be50b00000,0x000000be50c00000] [id=22144]
  0x00000272624da640 WorkerThread "G1 Conc#2" [stack: 0x000000be50c00000,0x000000be50d00000] [id=10424]
  0x000002725bbee070 ConcurrentGCThread "G1 Refine#0" terminated
  0x000002725bbee980 ConcurrentGCThread "G1 Service" terminated

Threads with active compile tasks:

VM state: at safepoint (shutting down)

VM Mutex/Monitor currently owned by a thread:  ([mutex/lock_event])
[0x000002722f9bdfa0] Threads_lock - owner thread: 0x000002725bd33120
[0x000002722f9be660] Heap_lock - owner thread: 0x0000027262266ef0

Heap address: 0x0000000603c00000, size: 8132 MB, Compressed Oops mode: Zero based, Oop shift amount: 3

CDS archive(s) mapped at: [0x0000000800000000-0x0000000800ba0000-0x0000000800ba0000), size 12189696, SharedBaseAddress: 0x0000000800000000, ArchiveRelocationMode: 0.
Compressed class space mapped at: 0x0000000800c00000-0x0000000840c00000, reserved size: 1073741824
Narrow klass base: 0x0000000800000000, Narrow klass shift: 0, Narrow klass range: 0x100000000

GC Precious Log:
 CardTable entry size: 512
 Card Set container configuration: InlinePtr #cards 4 size 8 Array Of Cards #cards 32 size 80 Howl #buckets 8 coarsen threshold 7372 Howl Bitmap #cards 1024 size 144 coarsen threshold 921 Card regions per heap region 1 cards per card region 8192
 CPUs: 16 total, 16 available
 Memory: 32512M
 Large Page Support: Disabled
 NUMA Support: Disabled
 Compressed Oops: Enabled (Zero based)
 Heap Region Size: 4M
 Heap Min Capacity: 8M
 Heap Initial Capacity: 512M
 Heap Max Capacity: 8132M
 Pre-touch: Disabled
 Parallel Workers: 13
 Concurrent Workers: 3
 Concurrent Refinement Workers: 13
 Periodic GC: Disabled

Heap:
 garbage-first heap   total 933888K, used 564738K [0x0000000603c00000, 0x0000000800000000)
  region size 4096K, 25 young (102400K), 1 survivors (4096K)
 Metaspace       used 20024K, committed 20416K, reserved 1114112K
  class space    used 2919K, committed 3136K, reserved 1048576K

Heap Regions: E=young(eden), S=young(survivor), O=old, HS=humongous(starts), HC=humongous(continues), CS=collection set, F=free, OA=open archive, CA=closed archive, TAMS=top-at-mark-start (previous, next)
|   0|0x0000000603c00000, 0x0000000604000000, 0x0000000604000000|100%|HS|  |TAMS 0x0000000604000000, 0x0000000603c00000| Complete 
|   1|0x0000000604000000, 0x0000000604400000, 0x0000000604400000|100%|HC|  |TAMS 0x0000000604400000, 0x0000000604000000| Complete 
|   2|0x0000000604400000, 0x0000000604800000, 0x0000000604800000|100%|HC|  |TAMS 0x0000000604800000, 0x0000000604400000| Complete 
|   3|0x0000000604800000, 0x0000000604c00000, 0x0000000604c00000|100%|HS|  |TAMS 0x0000000604c00000, 0x0000000604800000| Complete 
|   4|0x0000000604c00000, 0x0000000605000000, 0x0000000605000000|100%|HC|  |TAMS 0x0000000605000000, 0x0000000604c00000| Complete 
|   5|0x0000000605000000, 0x0000000605400000, 0x0000000605400000|100%|HC|  |TAMS 0x0000000605400000, 0x0000000605000000| Complete 
|   6|0x0000000605400000, 0x0000000605800000, 0x0000000605800000|100%|HS|  |TAMS 0x0000000605800000, 0x0000000605400000| Complete 
|   7|0x0000000605800000, 0x0000000605c00000, 0x0000000605c00000|100%|HC|  |TAMS 0x0000000605c00000, 0x0000000605800000| Complete 
|   8|0x0000000605c00000, 0x0000000606000000, 0x0000000606000000|100%|HC|  |TAMS 0x0000000606000000, 0x0000000605c00000| Complete 
|   9|0x0000000606000000, 0x0000000606400000, 0x0000000606400000|100%|HS|  |TAMS 0x0000000606400000, 0x0000000606000000| Complete 
|  10|0x0000000606400000, 0x0000000606800000, 0x0000000606800000|100%|HC|  |TAMS 0x0000000606800000, 0x0000000606400000| Complete 
|  11|0x0000000606800000, 0x0000000606c00000, 0x0000000606c00000|100%|HC|  |TAMS 0x0000000606c00000, 0x0000000606800000| Complete 
|  12|0x0000000606c00000, 0x0000000607000000, 0x0000000607000000|100%|HS|  |TAMS 0x0000000607000000, 0x0000000606c00000| Complete 
|  13|0x0000000607000000, 0x0000000607400000, 0x0000000607400000|100%|HC|  |TAMS 0x0000000607400000, 0x0000000607000000| Complete 
|  14|0x0000000607400000, 0x0000000607800000, 0x0000000607800000|100%|HC|  |TAMS 0x0000000607800000, 0x0000000607400000| Complete 
|  15|0x0000000607800000, 0x0000000607c00000, 0x0000000607c00000|100%|HS|  |TAMS 0x0000000607c00000, 0x0000000607800000| Complete 
|  16|0x0000000607c00000, 0x0000000608000000, 0x0000000608000000|100%|HC|  |TAMS 0x0000000608000000, 0x0000000607c00000| Complete 
|  17|0x0000000608000000, 0x0000000608400000, 0x0000000608400000|100%|HC|  |TAMS 0x0000000608400000, 0x0000000608000000| Complete 
|  18|0x0000000608400000, 0x0000000608800000, 0x0000000608800000|100%|HS|  |TAMS 0x0000000608800000, 0x0000000608400000| Complete 
|  19|0x0000000608800000, 0x0000000608c00000, 0x0000000608c00000|100%|HC|  |TAMS 0x0000000608c00000, 0x0000000608800000| Complete 
|  20|0x0000000608c00000, 0x0000000609000000, 0x0000000609000000|100%|HC|  |TAMS 0x0000000609000000, 0x0000000608c00000| Complete 
|  21|0x0000000609000000, 0x0000000609400000, 0x0000000609400000|100%|HS|  |TAMS 0x0000000609400000, 0x0000000609000000| Complete 
|  22|0x0000000609400000, 0x0000000609800000, 0x0000000609800000|100%|HC|  |TAMS 0x0000000609800000, 0x0000000609400000| Complete 
|  23|0x0000000609800000, 0x0000000609c00000, 0x0000000609c00000|100%|HC|  |TAMS 0x0000000609c00000, 0x0000000609800000| Complete 
|  24|0x0000000609c00000, 0x000000060a000000, 0x000000060a000000|100%|HS|  |TAMS 0x000000060a000000, 0x0000000609c00000| Complete 
|  25|0x000000060a000000, 0x000000060a400000, 0x000000060a400000|100%|HC|  |TAMS 0x000000060a400000, 0x000000060a000000| Complete 
|  26|0x000000060a400000, 0x000000060a800000, 0x000000060a800000|100%|HC|  |TAMS 0x000000060a800000, 0x000000060a400000| Complete 
|  27|0x000000060a800000, 0x000000060ac00000, 0x000000060ac00000|100%|HS|  |TAMS 0x000000060ac00000, 0x000000060a800000| Complete 
|  28|0x000000060ac00000, 0x000000060b000000, 0x000000060b000000|100%|HC|  |TAMS 0x000000060b000000, 0x000000060ac00000| Complete 
|  29|0x000000060b000000, 0x000000060b400000, 0x000000060b400000|100%|HC|  |TAMS 0x000000060b400000, 0x000000060b000000| Complete 
|  30|0x000000060b400000, 0x000000060b800000, 0x000000060b800000|100%|HS|  |TAMS 0x000000060b800000, 0x000000060b400000| Complete 
|  31|0x000000060b800000, 0x000000060bc00000, 0x000000060bc00000|100%|HC|  |TAMS 0x000000060bc00000, 0x000000060b800000| Complete 
|  32|0x000000060bc00000, 0x000000060c000000, 0x000000060c000000|100%|HC|  |TAMS 0x000000060c000000, 0x000000060bc00000| Complete 
|  33|0x000000060c000000, 0x000000060c400000, 0x000000060c400000|100%|HS|  |TAMS 0x000000060c400000, 0x000000060c000000| Complete 
|  34|0x000000060c400000, 0x000000060c800000, 0x000000060c800000|100%|HC|  |TAMS 0x000000060c800000, 0x000000060c400000| Complete 
|  35|0x000000060c800000, 0x000000060cc00000, 0x000000060cc00000|100%|HC|  |TAMS 0x000000060cc00000, 0x000000060c800000| Complete 
|  36|0x000000060cc00000, 0x000000060d000000, 0x000000060d000000|100%|HS|  |TAMS 0x000000060d000000, 0x000000060cc00000| Complete 
|  37|0x000000060d000000, 0x000000060d400000, 0x000000060d400000|100%|HC|  |TAMS 0x000000060d400000, 0x000000060d000000| Complete 
|  38|0x000000060d400000, 0x000000060d800000, 0x000000060d800000|100%|HC|  |TAMS 0x000000060d800000, 0x000000060d400000| Complete 
|  39|0x000000060d800000, 0x000000060dc00000, 0x000000060dc00000|100%|HS|  |TAMS 0x000000060dc00000, 0x000000060d800000| Complete 
|  40|0x000000060dc00000, 0x000000060e000000, 0x000000060e000000|100%|HC|  |TAMS 0x000000060e000000, 0x000000060dc00000| Complete 
|  41|0x000000060e000000, 0x000000060e400000, 0x000000060e400000|100%|HC|  |TAMS 0x000000060e400000, 0x000000060e000000| Complete 
|  42|0x000000060e400000, 0x000000060e800000, 0x000000060e800000|100%|HS|  |TAMS 0x000000060e800000, 0x000000060e400000| Complete 
|  43|0x000000060e800000, 0x000000060ec00000, 0x000000060ec00000|100%|HC|  |TAMS 0x000000060ec00000, 0x000000060e800000| Complete 
|  44|0x000000060ec00000, 0x000000060f000000, 0x000000060f000000|100%|HC|  |TAMS 0x000000060f000000, 0x000000060ec00000| Complete 
|  45|0x000000060f000000, 0x000000060f400000, 0x000000060f400000|100%|HS|  |TAMS 0x000000060f400000, 0x000000060f000000| Complete 
|  46|0x000000060f400000, 0x000000060f800000, 0x000000060f800000|100%|HC|  |TAMS 0x000000060f800000, 0x000000060f400000| Complete 
|  47|0x000000060f800000, 0x000000060fc00000, 0x000000060fc00000|100%|HC|  |TAMS 0x000000060fc00000, 0x000000060f800000| Complete 
|  48|0x000000060fc00000, 0x0000000610000000, 0x0000000610000000|100%|HS|  |TAMS 0x0000000610000000, 0x000000060fc00000| Complete 
|  49|0x0000000610000000, 0x0000000610400000, 0x0000000610400000|100%|HC|  |TAMS 0x0000000610400000, 0x0000000610000000| Complete 
|  50|0x0000000610400000, 0x0000000610800000, 0x0000000610800000|100%|HC|  |TAMS 0x0000000610800000, 0x0000000610400000| Complete 
|  51|0x0000000610800000, 0x0000000610c00000, 0x0000000610c00000|100%|HS|  |TAMS 0x0000000610c00000, 0x0000000610800000| Complete 
|  52|0x0000000610c00000, 0x0000000611000000, 0x0000000611000000|100%|HC|  |TAMS 0x0000000611000000, 0x0000000610c00000| Complete 
|  53|0x0000000611000000, 0x0000000611400000, 0x0000000611400000|100%|HC|  |TAMS 0x0000000611400000, 0x0000000611000000| Complete 
|  54|0x0000000611400000, 0x0000000611800000, 0x0000000611800000|100%|HS|  |TAMS 0x0000000611800000, 0x0000000611400000| Complete 
|  55|0x0000000611800000, 0x0000000611c00000, 0x0000000611c00000|100%|HC|  |TAMS 0x0000000611c00000, 0x0000000611800000| Complete 
|  56|0x0000000611c00000, 0x0000000612000000, 0x0000000612000000|100%|HC|  |TAMS 0x0000000612000000, 0x0000000611c00000| Complete 
|  57|0x0000000612000000, 0x0000000612400000, 0x0000000612400000|100%|HS|  |TAMS 0x0000000612400000, 0x0000000612000000| Complete 
|  58|0x0000000612400000, 0x0000000612800000, 0x0000000612800000|100%|HC|  |TAMS 0x0000000612800000, 0x0000000612400000| Complete 
|  59|0x0000000612800000, 0x0000000612c00000, 0x0000000612c00000|100%|HC|  |TAMS 0x0000000612c00000, 0x0000000612800000| Complete 
|  60|0x0000000612c00000, 0x0000000613000000, 0x0000000613000000|100%|HS|  |TAMS 0x0000000613000000, 0x0000000612c00000| Complete 
|  61|0x0000000613000000, 0x0000000613400000, 0x0000000613400000|100%|HC|  |TAMS 0x0000000613400000, 0x0000000613000000| Complete 
|  62|0x0000000613400000, 0x0000000613800000, 0x0000000613800000|100%|HC|  |TAMS 0x0000000613800000, 0x0000000613400000| Complete 
|  63|0x0000000613800000, 0x0000000613c00000, 0x0000000613c00000|100%|HS|  |TAMS 0x0000000613c00000, 0x0000000613800000| Complete 
|  64|0x0000000613c00000, 0x0000000614000000, 0x0000000614000000|100%|HC|  |TAMS 0x0000000614000000, 0x0000000613c00000| Complete 
|  65|0x0000000614000000, 0x0000000614400000, 0x0000000614400000|100%|HC|  |TAMS 0x0000000614400000, 0x0000000614000000| Complete 
|  66|0x0000000614400000, 0x0000000614800000, 0x0000000614800000|100%|HS|  |TAMS 0x0000000614800000, 0x0000000614400000| Complete 
|  67|0x0000000614800000, 0x0000000614c00000, 0x0000000614c00000|100%|HC|  |TAMS 0x0000000614c00000, 0x0000000614800000| Complete 
|  68|0x0000000614c00000, 0x0000000615000000, 0x0000000615000000|100%|HC|  |TAMS 0x0000000615000000, 0x0000000614c00000| Complete 
|  69|0x0000000615000000, 0x0000000615400000, 0x0000000615400000|100%|HS|  |TAMS 0x0000000615400000, 0x0000000615000000| Complete 
|  70|0x0000000615400000, 0x0000000615800000, 0x0000000615800000|100%|HC|  |TAMS 0x0000000615800000, 0x0000000615400000| Complete 
|  71|0x0000000615800000, 0x0000000615c00000, 0x0000000615c00000|100%|HC|  |TAMS 0x0000000615c00000, 0x0000000615800000| Complete 
|  72|0x0000000615c00000, 0x0000000616000000, 0x0000000616000000|100%|HS|  |TAMS 0x0000000616000000, 0x0000000615c00000| Complete 
|  73|0x0000000616000000, 0x0000000616400000, 0x0000000616400000|100%|HC|  |TAMS 0x0000000616400000, 0x0000000616000000| Complete 
|  74|0x0000000616400000, 0x0000000616800000, 0x0000000616800000|100%|HC|  |TAMS 0x0000000616800000, 0x0000000616400000| Complete 
|  75|0x0000000616800000, 0x0000000616c00000, 0x0000000616c00000|100%|HS|  |TAMS 0x0000000616c00000, 0x0000000616800000| Complete 
|  76|0x0000000616c00000, 0x0000000617000000, 0x0000000617000000|100%|HC|  |TAMS 0x0000000617000000, 0x0000000616c00000| Complete 
|  77|0x0000000617000000, 0x0000000617400000, 0x0000000617400000|100%|HC|  |TAMS 0x0000000617400000, 0x0000000617000000| Complete 
|  78|0x0000000617400000, 0x0000000617800000, 0x0000000617800000|100%|HS|  |TAMS 0x0000000617800000, 0x0000000617400000| Complete 
|  79|0x0000000617800000, 0x0000000617c00000, 0x0000000617c00000|100%|HC|  |TAMS 0x0000000617c00000, 0x0000000617800000| Complete 
|  80|0x0000000617c00000, 0x0000000618000000, 0x0000000618000000|100%|HC|  |TAMS 0x0000000618000000, 0x0000000617c00000| Complete 
|  81|0x0000000618000000, 0x0000000618400000, 0x0000000618400000|100%|HS|  |TAMS 0x0000000618400000, 0x0000000618000000| Complete 
|  82|0x0000000618400000, 0x0000000618800000, 0x0000000618800000|100%|HC|  |TAMS 0x0000000618800000, 0x0000000618400000| Complete 
|  83|0x0000000618800000, 0x0000000618c00000, 0x0000000618c00000|100%|HC|  |TAMS 0x0000000618c00000, 0x0000000618800000| Complete 
|  84|0x0000000618c00000, 0x0000000619000000, 0x0000000619000000|100%|HS|  |TAMS 0x0000000619000000, 0x0000000618c00000| Complete 
|  85|0x0000000619000000, 0x0000000619400000, 0x0000000619400000|100%|HC|  |TAMS 0x0000000619400000, 0x0000000619000000| Complete 
|  86|0x0000000619400000, 0x0000000619800000, 0x0000000619800000|100%|HC|  |TAMS 0x0000000619800000, 0x0000000619400000| Complete 
|  87|0x0000000619800000, 0x0000000619c00000, 0x0000000619c00000|100%|HS|  |TAMS 0x0000000619c00000, 0x0000000619800000| Complete 
|  88|0x0000000619c00000, 0x000000061a000000, 0x000000061a000000|100%|HC|  |TAMS 0x000000061a000000, 0x0000000619c00000| Complete 
|  89|0x000000061a000000, 0x000000061a400000, 0x000000061a400000|100%|HC|  |TAMS 0x000000061a400000, 0x000000061a000000| Complete 
|  90|0x000000061a400000, 0x000000061a800000, 0x000000061a800000|100%|HS|  |TAMS 0x000000061a800000, 0x000000061a400000| Complete 
|  91|0x000000061a800000, 0x000000061ac00000, 0x000000061ac00000|100%|HC|  |TAMS 0x000000061ac00000, 0x000000061a800000| Complete 
|  92|0x000000061ac00000, 0x000000061b000000, 0x000000061b000000|100%|HC|  |TAMS 0x000000061b000000, 0x000000061ac00000| Complete 
|  93|0x000000061b000000, 0x000000061b400000, 0x000000061b400000|100%|HS|  |TAMS 0x000000061b400000, 0x000000061b000000| Complete 
|  94|0x000000061b400000, 0x000000061b800000, 0x000000061b800000|100%|HC|  |TAMS 0x000000061b800000, 0x000000061b400000| Complete 
|  95|0x000000061b800000, 0x000000061bc00000, 0x000000061bc00000|100%|HC|  |TAMS 0x000000061bc00000, 0x000000061b800000| Complete 
|  96|0x000000061bc00000, 0x000000061c000000, 0x000000061c000000|100%|HS|  |TAMS 0x000000061c000000, 0x000000061bc00000| Complete 
|  97|0x000000061c000000, 0x000000061c400000, 0x000000061c400000|100%|HC|  |TAMS 0x000000061c400000, 0x000000061c000000| Complete 
|  98|0x000000061c400000, 0x000000061c800000, 0x000000061c800000|100%|HC|  |TAMS 0x000000061c800000, 0x000000061c400000| Complete 
|  99|0x000000061c800000, 0x000000061cb76600, 0x000000061cc00000| 86%| O|  |TAMS 0x000000061cb6cc00, 0x000000061c800000| Untracked 
| 100|0x000000061cc00000, 0x000000061d000000, 0x000000061d000000|100%|HS|  |TAMS 0x000000061d000000, 0x000000061cc00000| Complete 
| 101|0x000000061d000000, 0x000000061d400000, 0x000000061d400000|100%|HC|  |TAMS 0x000000061d400000, 0x000000061d000000| Complete 
| 102|0x000000061d400000, 0x000000061d800000, 0x000000061d800000|100%|HC|  |TAMS 0x000000061d800000, 0x000000061d400000| Complete 
| 103|0x000000061d800000, 0x000000061dc00000, 0x000000061dc00000|100%|HS|  |TAMS 0x000000061dc00000, 0x000000061d800000| Complete 
| 104|0x000000061dc00000, 0x000000061e000000, 0x000000061e000000|100%|HC|  |TAMS 0x000000061e000000, 0x000000061dc00000| Complete 
| 105|0x000000061e000000, 0x000000061e400000, 0x000000061e400000|100%|HC|  |TAMS 0x000000061e400000, 0x000000061e000000| Complete 
| 106|0x000000061e400000, 0x000000061e800000, 0x000000061e800000|100%|HS|  |TAMS 0x000000061e800000, 0x000000061e400000| Complete 
| 107|0x000000061e800000, 0x000000061ec00000, 0x000000061ec00000|100%|HC|  |TAMS 0x000000061ec00000, 0x000000061e800000| Complete 
| 108|0x000000061ec00000, 0x000000061f000000, 0x000000061f000000|100%|HC|  |TAMS 0x000000061f000000, 0x000000061ec00000| Complete 
| 109|0x000000061f000000, 0x000000061f400000, 0x000000061f400000|100%|HS|  |TAMS 0x000000061f400000, 0x000000061f000000| Complete 
| 110|0x000000061f400000, 0x000000061f800000, 0x000000061f800000|100%|HC|  |TAMS 0x000000061f800000, 0x000000061f400000| Complete 
| 111|0x000000061f800000, 0x000000061fc00000, 0x000000061fc00000|100%|HC|  |TAMS 0x000000061fc00000, 0x000000061f800000| Complete 
| 112|0x000000061fc00000, 0x0000000620000000, 0x0000000620000000|100%|HS|  |TAMS 0x000000061fc00000, 0x000000061fc00000| Complete 
| 113|0x0000000620000000, 0x0000000620400000, 0x0000000620400000|100%|HC|  |TAMS 0x0000000620000000, 0x0000000620000000| Complete 
| 114|0x0000000620400000, 0x0000000620800000, 0x0000000620800000|100%|HC|  |TAMS 0x0000000620400000, 0x0000000620400000| Complete 
| 115|0x0000000620800000, 0x0000000620800000, 0x0000000620c00000|  0%| F|  |TAMS 0x0000000620800000, 0x0000000620800000| Untracked 
| 116|0x0000000620c00000, 0x0000000620c00000, 0x0000000621000000|  0%| F|  |TAMS 0x0000000620c00000, 0x0000000620c00000| Untracked 
| 117|0x0000000621000000, 0x0000000621000000, 0x0000000621400000|  0%| F|  |TAMS 0x0000000621000000, 0x0000000621000000| Untracked 
| 118|0x0000000621400000, 0x0000000621400000, 0x0000000621800000|  0%| F|  |TAMS 0x0000000621400000, 0x0000000621400000| Untracked 
| 119|0x0000000621800000, 0x0000000621800000, 0x0000000621c00000|  0%| F|  |TAMS 0x0000000621800000, 0x0000000621800000| Untracked 
| 120|0x0000000621c00000, 0x0000000621c00000, 0x0000000622000000|  0%| F|  |TAMS 0x0000000621c00000, 0x0000000621c00000| Untracked 
| 121|0x0000000622000000, 0x0000000622000000, 0x0000000622400000|  0%| F|  |TAMS 0x0000000622000000, 0x0000000622000000| Untracked 
| 122|0x0000000622400000, 0x0000000622400000, 0x0000000622800000|  0%| F|  |TAMS 0x0000000622400000, 0x0000000622400000| Untracked 
| 123|0x0000000622800000, 0x0000000622800000, 0x0000000622c00000|  0%| F|  |TAMS 0x0000000622800000, 0x0000000622800000| Untracked 
| 124|0x0000000622c00000, 0x0000000622c00000, 0x0000000623000000|  0%| F|  |TAMS 0x0000000622c00000, 0x0000000622c00000| Untracked 
| 125|0x0000000623000000, 0x0000000623000000, 0x0000000623400000|  0%| F|  |TAMS 0x0000000623000000, 0x0000000623000000| Untracked 
| 126|0x0000000623400000, 0x0000000623400000, 0x0000000623800000|  0%| F|  |TAMS 0x0000000623400000, 0x0000000623400000| Untracked 
| 127|0x0000000623800000, 0x0000000623800000, 0x0000000623c00000|  0%| F|  |TAMS 0x0000000623800000, 0x0000000623800000| Untracked 
| 128|0x0000000623c00000, 0x0000000623c00000, 0x0000000624000000|  0%| F|  |TAMS 0x0000000623c00000, 0x0000000623c00000| Untracked 
| 129|0x0000000624000000, 0x0000000624000000, 0x0000000624400000|  0%| F|  |TAMS 0x0000000624000000, 0x0000000624000000| Untracked 
| 130|0x0000000624400000, 0x0000000624400000, 0x0000000624800000|  0%| F|  |TAMS 0x0000000624400000, 0x0000000624400000| Untracked 
| 131|0x0000000624800000, 0x0000000624800000, 0x0000000624c00000|  0%| F|  |TAMS 0x0000000624800000, 0x0000000624800000| Untracked 
| 132|0x0000000624c00000, 0x0000000624c00000, 0x0000000625000000|  0%| F|  |TAMS 0x0000000624c00000, 0x0000000624c00000| Untracked 
| 133|0x0000000625000000, 0x0000000625000000, 0x0000000625400000|  0%| F|  |TAMS 0x0000000625000000, 0x0000000625000000| Untracked 
| 134|0x0000000625400000, 0x0000000625400000, 0x0000000625800000|  0%| F|  |TAMS 0x0000000625400000, 0x0000000625400000| Untracked 
| 135|0x0000000625800000, 0x0000000625800000, 0x0000000625c00000|  0%| F|  |TAMS 0x0000000625800000, 0x0000000625800000| Untracked 
| 136|0x0000000625c00000, 0x0000000625c00000, 0x0000000626000000|  0%| F|  |TAMS 0x0000000625c00000, 0x0000000625c00000| Untracked 
| 137|0x0000000626000000, 0x0000000626000000, 0x0000000626400000|  0%| F|  |TAMS 0x0000000626000000, 0x0000000626000000| Untracked 
| 138|0x0000000626400000, 0x0000000626400000, 0x0000000626800000|  0%| F|  |TAMS 0x0000000626400000, 0x0000000626400000| Untracked 
| 139|0x0000000626800000, 0x0000000626800000, 0x0000000626c00000|  0%| F|  |TAMS 0x0000000626800000, 0x0000000626800000| Untracked 
| 140|0x0000000626c00000, 0x0000000626c00000, 0x0000000627000000|  0%| F|  |TAMS 0x0000000626c00000, 0x0000000626c00000| Untracked 
| 141|0x0000000627000000, 0x0000000627000000, 0x0000000627400000|  0%| F|  |TAMS 0x0000000627000000, 0x0000000627000000| Untracked 
| 142|0x0000000627400000, 0x0000000627400000, 0x0000000627800000|  0%| F|  |TAMS 0x0000000627400000, 0x0000000627400000| Untracked 
| 143|0x0000000627800000, 0x0000000627800000, 0x0000000627c00000|  0%| F|  |TAMS 0x0000000627800000, 0x0000000627800000| Untracked 
| 144|0x0000000627c00000, 0x0000000627c00000, 0x0000000628000000|  0%| F|  |TAMS 0x0000000627c00000, 0x0000000627c00000| Untracked 
| 145|0x0000000628000000, 0x0000000628000000, 0x0000000628400000|  0%| F|  |TAMS 0x0000000628000000, 0x0000000628000000| Untracked 
| 146|0x0000000628400000, 0x0000000628400000, 0x0000000628800000|  0%| F|  |TAMS 0x0000000628400000, 0x0000000628400000| Untracked 
| 147|0x0000000628800000, 0x0000000628800000, 0x0000000628c00000|  0%| F|  |TAMS 0x0000000628800000, 0x0000000628800000| Untracked 
| 148|0x0000000628c00000, 0x0000000628c00000, 0x0000000629000000|  0%| F|  |TAMS 0x0000000628c00000, 0x0000000628c00000| Untracked 
| 149|0x0000000629000000, 0x0000000629000000, 0x0000000629400000|  0%| F|  |TAMS 0x0000000629000000, 0x0000000629000000| Untracked 
| 150|0x0000000629400000, 0x0000000629400000, 0x0000000629800000|  0%| F|  |TAMS 0x0000000629400000, 0x0000000629400000| Untracked 
| 151|0x0000000629800000, 0x0000000629800000, 0x0000000629c00000|  0%| F|  |TAMS 0x0000000629800000, 0x0000000629800000| Untracked 
| 152|0x0000000629c00000, 0x0000000629c00000, 0x000000062a000000|  0%| F|  |TAMS 0x0000000629c00000, 0x0000000629c00000| Untracked 
| 153|0x000000062a000000, 0x000000062a000000, 0x000000062a400000|  0%| F|  |TAMS 0x000000062a000000, 0x000000062a000000| Untracked 
| 154|0x000000062a400000, 0x000000062a400000, 0x000000062a800000|  0%| F|  |TAMS 0x000000062a400000, 0x000000062a400000| Untracked 
| 155|0x000000062a800000, 0x000000062a800000, 0x000000062ac00000|  0%| F|  |TAMS 0x000000062a800000, 0x000000062a800000| Untracked 
| 156|0x000000062ac00000, 0x000000062ac00000, 0x000000062b000000|  0%| F|  |TAMS 0x000000062ac00000, 0x000000062ac00000| Untracked 
| 157|0x000000062b000000, 0x000000062b000000, 0x000000062b400000|  0%| F|  |TAMS 0x000000062b000000, 0x000000062b000000| Untracked 
| 158|0x000000062b400000, 0x000000062b400000, 0x000000062b800000|  0%| F|  |TAMS 0x000000062b400000, 0x000000062b400000| Untracked 
| 159|0x000000062b800000, 0x000000062b800000, 0x000000062bc00000|  0%| F|  |TAMS 0x000000062b800000, 0x000000062b800000| Untracked 
| 160|0x000000062bc00000, 0x000000062bc00000, 0x000000062c000000|  0%| F|  |TAMS 0x000000062bc00000, 0x000000062bc00000| Untracked 
| 161|0x000000062c000000, 0x000000062c000000, 0x000000062c400000|  0%| F|  |TAMS 0x000000062c000000, 0x000000062c000000| Untracked 
| 162|0x000000062c400000, 0x000000062c400000, 0x000000062c800000|  0%| F|  |TAMS 0x000000062c400000, 0x000000062c400000| Untracked 
| 163|0x000000062c800000, 0x000000062c800000, 0x000000062cc00000|  0%| F|  |TAMS 0x000000062c800000, 0x000000062c800000| Untracked 
| 164|0x000000062cc00000, 0x000000062cc00000, 0x000000062d000000|  0%| F|  |TAMS 0x000000062cc00000, 0x000000062cc00000| Untracked 
| 165|0x000000062d000000, 0x000000062d000000, 0x000000062d400000|  0%| F|  |TAMS 0x000000062d000000, 0x000000062d000000| Untracked 
| 166|0x000000062d400000, 0x000000062d400000, 0x000000062d800000|  0%| F|  |TAMS 0x000000062d400000, 0x000000062d400000| Untracked 
| 167|0x000000062d800000, 0x000000062d800000, 0x000000062dc00000|  0%| F|  |TAMS 0x000000062d800000, 0x000000062d800000| Untracked 
| 168|0x000000062dc00000, 0x000000062dc00000, 0x000000062e000000|  0%| F|  |TAMS 0x000000062dc00000, 0x000000062dc00000| Untracked 
| 169|0x000000062e000000, 0x000000062e000000, 0x000000062e400000|  0%| F|  |TAMS 0x000000062e000000, 0x000000062e000000| Untracked 
| 170|0x000000062e400000, 0x000000062e400000, 0x000000062e800000|  0%| F|  |TAMS 0x000000062e400000, 0x000000062e400000| Untracked 
| 171|0x000000062e800000, 0x000000062e800000, 0x000000062ec00000|  0%| F|  |TAMS 0x000000062e800000, 0x000000062e800000| Untracked 
| 172|0x000000062ec00000, 0x000000062ec00000, 0x000000062f000000|  0%| F|  |TAMS 0x000000062ec00000, 0x000000062ec00000| Untracked 
| 173|0x000000062f000000, 0x000000062f000000, 0x000000062f400000|  0%| F|  |TAMS 0x000000062f000000, 0x000000062f000000| Untracked 
| 174|0x000000062f400000, 0x000000062f400000, 0x000000062f800000|  0%| F|  |TAMS 0x000000062f400000, 0x000000062f400000| Untracked 
| 175|0x000000062f800000, 0x000000062f800000, 0x000000062fc00000|  0%| F|  |TAMS 0x000000062f800000, 0x000000062f800000| Untracked 
| 176|0x000000062fc00000, 0x000000062fc00000, 0x0000000630000000|  0%| F|  |TAMS 0x000000062fc00000, 0x000000062fc00000| Untracked 
| 177|0x0000000630000000, 0x0000000630000000, 0x0000000630400000|  0%| F|  |TAMS 0x0000000630000000, 0x0000000630000000| Untracked 
| 178|0x0000000630400000, 0x0000000630400000, 0x0000000630800000|  0%| F|  |TAMS 0x0000000630400000, 0x0000000630400000| Untracked 
| 179|0x0000000630800000, 0x0000000630800000, 0x0000000630c00000|  0%| F|  |TAMS 0x0000000630800000, 0x0000000630800000| Untracked 
| 180|0x0000000630c00000, 0x0000000630c00000, 0x0000000631000000|  0%| F|  |TAMS 0x0000000630c00000, 0x0000000630c00000| Untracked 
| 181|0x0000000631000000, 0x0000000631000000, 0x0000000631400000|  0%| F|  |TAMS 0x0000000631000000, 0x0000000631000000| Untracked 
| 182|0x0000000631400000, 0x0000000631400000, 0x0000000631800000|  0%| F|  |TAMS 0x0000000631400000, 0x0000000631400000| Untracked 
| 183|0x0000000631800000, 0x0000000631800000, 0x0000000631c00000|  0%| F|  |TAMS 0x0000000631800000, 0x0000000631800000| Untracked 
| 184|0x0000000631c00000, 0x0000000631c00000, 0x0000000632000000|  0%| F|  |TAMS 0x0000000631c00000, 0x0000000631c00000| Untracked 
| 185|0x0000000632000000, 0x0000000632000000, 0x0000000632400000|  0%| F|  |TAMS 0x0000000632000000, 0x0000000632000000| Untracked 
| 186|0x0000000632400000, 0x0000000632400000, 0x0000000632800000|  0%| F|  |TAMS 0x0000000632400000, 0x0000000632400000| Untracked 
| 187|0x0000000632800000, 0x0000000632800000, 0x0000000632c00000|  0%| F|  |TAMS 0x0000000632800000, 0x0000000632800000| Untracked 
| 188|0x0000000632c00000, 0x0000000632c00000, 0x0000000633000000|  0%| F|  |TAMS 0x0000000632c00000, 0x0000000632c00000| Untracked 
| 189|0x0000000633000000, 0x000000063300a328, 0x0000000633400000|  0%| S|CS|TAMS 0x0000000633000000, 0x0000000633000000| Complete 
| 190|0x0000000633400000, 0x0000000633400000, 0x0000000633800000|  0%| F|  |TAMS 0x0000000633400000, 0x0000000633400000| Untracked 
| 191|0x0000000633800000, 0x0000000633800000, 0x0000000633c00000|  0%| F|  |TAMS 0x0000000633800000, 0x0000000633800000| Untracked 
| 192|0x0000000633c00000, 0x0000000633c00000, 0x0000000634000000|  0%| F|  |TAMS 0x0000000633c00000, 0x0000000633c00000| Untracked 
| 193|0x0000000634000000, 0x0000000634000000, 0x0000000634400000|  0%| F|  |TAMS 0x0000000634000000, 0x0000000634000000| Untracked 
| 194|0x0000000634400000, 0x0000000634400000, 0x0000000634800000|  0%| F|  |TAMS 0x0000000634400000, 0x0000000634400000| Untracked 
| 195|0x0000000634800000, 0x0000000634800000, 0x0000000634c00000|  0%| F|  |TAMS 0x0000000634800000, 0x0000000634800000| Untracked 
| 196|0x0000000634c00000, 0x0000000634c00000, 0x0000000635000000|  0%| F|  |TAMS 0x0000000634c00000, 0x0000000634c00000| Untracked 
| 197|0x0000000635000000, 0x0000000635000000, 0x0000000635400000|  0%| F|  |TAMS 0x0000000635000000, 0x0000000635000000| Untracked 
| 198|0x0000000635400000, 0x0000000635400000, 0x0000000635800000|  0%| F|  |TAMS 0x0000000635400000, 0x0000000635400000| Untracked 
| 199|0x0000000635800000, 0x0000000635800000, 0x0000000635c00000|  0%| F|  |TAMS 0x0000000635800000, 0x0000000635800000| Untracked 
| 200|0x0000000635c00000, 0x0000000635c00000, 0x0000000636000000|  0%| F|  |TAMS 0x0000000635c00000, 0x0000000635c00000| Untracked 
| 201|0x0000000636000000, 0x0000000636000000, 0x0000000636400000|  0%| F|  |TAMS 0x0000000636000000, 0x0000000636000000| Untracked 
| 202|0x0000000636400000, 0x0000000636400000, 0x0000000636800000|  0%| F|  |TAMS 0x0000000636400000, 0x0000000636400000| Untracked 
| 203|0x0000000636800000, 0x0000000636800000, 0x0000000636c00000|  0%| F|  |TAMS 0x0000000636800000, 0x0000000636800000| Untracked 
| 204|0x0000000636c00000, 0x0000000636c00800, 0x0000000637000000|  0%| E|  |TAMS 0x0000000636c00000, 0x0000000636c00000| Complete 
| 205|0x0000000637000000, 0x0000000637400000, 0x0000000637400000|100%| E|CS|TAMS 0x0000000637000000, 0x0000000637000000| Complete 
| 206|0x0000000637400000, 0x0000000637800000, 0x0000000637800000|100%| E|CS|TAMS 0x0000000637400000, 0x0000000637400000| Complete 
| 207|0x0000000637800000, 0x0000000637c00000, 0x0000000637c00000|100%| E|CS|TAMS 0x0000000637800000, 0x0000000637800000| Complete 
| 208|0x0000000637c00000, 0x0000000638000000, 0x0000000638000000|100%| E|CS|TAMS 0x0000000637c00000, 0x0000000637c00000| Complete 
| 209|0x0000000638000000, 0x0000000638400000, 0x0000000638400000|100%| E|CS|TAMS 0x0000000638000000, 0x0000000638000000| Complete 
| 210|0x0000000638400000, 0x0000000638800000, 0x0000000638800000|100%| E|CS|TAMS 0x0000000638400000, 0x0000000638400000| Complete 
| 211|0x0000000638800000, 0x0000000638c00000, 0x0000000638c00000|100%| E|CS|TAMS 0x0000000638800000, 0x0000000638800000| Complete 
| 212|0x0000000638c00000, 0x0000000639000000, 0x0000000639000000|100%| E|CS|TAMS 0x0000000638c00000, 0x0000000638c00000| Complete 
| 213|0x0000000639000000, 0x0000000639400000, 0x0000000639400000|100%| E|CS|TAMS 0x0000000639000000, 0x0000000639000000| Complete 
| 214|0x0000000639400000, 0x0000000639800000, 0x0000000639800000|100%| E|CS|TAMS 0x0000000639400000, 0x0000000639400000| Complete 
| 215|0x0000000639800000, 0x0000000639c00000, 0x0000000639c00000|100%| E|CS|TAMS 0x0000000639800000, 0x0000000639800000| Complete 
| 216|0x0000000639c00000, 0x000000063a000000, 0x000000063a000000|100%| E|CS|TAMS 0x0000000639c00000, 0x0000000639c00000| Complete 
| 217|0x000000063a000000, 0x000000063a400000, 0x000000063a400000|100%| E|CS|TAMS 0x000000063a000000, 0x000000063a000000| Complete 
| 218|0x000000063a400000, 0x000000063a800000, 0x000000063a800000|100%| E|CS|TAMS 0x000000063a400000, 0x000000063a400000| Complete 
| 219|0x000000063a800000, 0x000000063ac00000, 0x000000063ac00000|100%| E|CS|TAMS 0x000000063a800000, 0x000000063a800000| Complete 
| 220|0x000000063ac00000, 0x000000063b000000, 0x000000063b000000|100%| E|CS|TAMS 0x000000063ac00000, 0x000000063ac00000| Complete 
| 221|0x000000063b000000, 0x000000063b400000, 0x000000063b400000|100%| E|CS|TAMS 0x000000063b000000, 0x000000063b000000| Complete 
| 222|0x000000063b400000, 0x000000063b800000, 0x000000063b800000|100%| E|CS|TAMS 0x000000063b400000, 0x000000063b400000| Complete 
| 223|0x000000063b800000, 0x000000063bc00000, 0x000000063bc00000|100%| E|CS|TAMS 0x000000063b800000, 0x000000063b800000| Complete 
| 224|0x000000063bc00000, 0x000000063c000000, 0x000000063c000000|100%| E|CS|TAMS 0x000000063bc00000, 0x000000063bc00000| Complete 
| 225|0x000000063c000000, 0x000000063c400000, 0x000000063c400000|100%| E|CS|TAMS 0x000000063c000000, 0x000000063c000000| Complete 
| 226|0x000000063c400000, 0x000000063c800000, 0x000000063c800000|100%| E|CS|TAMS 0x000000063c400000, 0x000000063c400000| Complete 
| 227|0x000000063c800000, 0x000000063cc00000, 0x000000063cc00000|100%| E|CS|TAMS 0x000000063c800000, 0x000000063c800000| Complete 

Card table byte_map: [0x0000027247b70000,0x0000027248b60000] _byte_map_base: 0x0000027244b52000

Marking Bits (Prev, Next): (CMBitMap*) 0x000002722fa75bd0, (CMBitMap*) 0x000002722fa75c10
 Prev Bits: [0x0000027249b50000, 0x0000027251a60000)
 Next Bits: [0x0000027251a60000, 0x0000027259970000)

Polling page: 0x000002722d950000

Metaspace:

Usage:
  Non-class:     16.70 MB used.
      Class:      2.85 MB used.
       Both:     19.56 MB used.

Virtual space:
  Non-class space:       64.00 MB reserved,      16.88 MB ( 26%) committed,  1 nodes.
      Class space:        1.00 GB reserved,       3.06 MB ( <1%) committed,  1 nodes.
             Both:        1.06 GB reserved,      19.94 MB (  2%) committed. 

Chunk freelists:
   Non-Class:  2.95 MB
       Class:  867.00 KB
        Both:  3.80 MB

MaxMetaspaceSize: unlimited
CompressedClassSpaceSize: 1.00 GB
Initial GC threshold: 21.00 MB
Current GC threshold: 21.00 MB
CDS: on
MetaspaceReclaimPolicy: balanced
 - commit_granule_bytes: 65536.
 - commit_granule_words: 8192.
 - virtual_space_node_default_size: 8388608.
 - enlarge_chunks_in_place: 1.
 - new_chunks_are_fully_committed: 0.
 - uncommit_free_chunks: 1.
 - use_allocation_guard: 0.


Internal statistics:

num_allocs_failed_limit: 0.
num_arena_births: 452.
num_arena_deaths: 0.
num_vsnodes_births: 2.
num_vsnodes_deaths: 0.
num_space_committed: 319.
num_space_uncommitted: 0.
num_chunks_returned_to_freelist: 0.
num_chunks_taken_from_freelist: 1128.
num_chunk_merges: 0.
num_chunk_splits: 777.
num_chunks_enlarged: 574.
num_inconsistent_stats: 0.

CodeHeap 'non-profiled nmethods': size=119168Kb used=2193Kb max_used=2193Kb free=116974Kb
 bounds [0x000002723eea0000, 0x000002723f110000, 0x0000027246300000]
CodeHeap 'profiled nmethods': size=119104Kb used=9904Kb max_used=9904Kb free=109199Kb
 bounds [0x0000027237a50000, 0x0000027238400000, 0x000002723eea0000]
CodeHeap 'non-nmethods': size=7488Kb used=1465Kb max_used=3210Kb free=6022Kb
 bounds [0x0000027237300000, 0x0000027237680000, 0x0000027237a50000]
 total_blobs=5564 nmethods=4737 adapters=739
 compilation: enabled
              stopped_count=0, restarted_count=0
 full_count=0

Compilation events (20 events):
Event: 12.546 Thread 0x000002725bd683a0 4730       3       javafx.scene.Scene$ClickGenerator::postProcess (266 bytes)
Event: 12.547 Thread 0x000002725bd683a0 nmethod 4730 0x00000272383f7010 code [0x00000272383f7300, 0x00000272383f8738]
Event: 12.553 Thread 0x000002725bd683a0 4731       3       javafx.scene.Scene$MouseHandler::clearPDREventTargets (62 bytes)
Event: 12.553 Thread 0x000002725bd683a0 nmethod 4731 0x00000272383f8c90 code [0x00000272383f8ea0, 0x00000272383f96c8]
Event: 12.614 Thread 0x000002725bd683a0 4732       3       com.sun.javafx.tk.quantum.GlassViewEventHandler::mouseEventButton (60 bytes)
Event: 12.614 Thread 0x0000027260c70870 4733       3       javafx.scene.Scene$ScenePeerListener::mouseEvent (54 bytes)
Event: 12.615 Thread 0x000002725bd683a0 nmethod 4732 0x00000272383f9910 code [0x00000272383f9ae0, 0x00000272383f9db8]
Event: 12.615 Thread 0x000002725bd683a0 4734       3       javafx.scene.Scene::processMouseEvent (10 bytes)
Event: 12.615 Thread 0x000002725bd683a0 nmethod 4734 0x00000272383f9e90 code [0x00000272383fa040, 0x00000272383fa188]
Event: 12.615 Thread 0x0000027260c70870 nmethod 4733 0x00000272383fa290 code [0x00000272383fa440, 0x00000272383fa7f8]
Event: 12.615 Thread 0x000002725bd683a0 4735       3       java.util.EnumMap::values (25 bytes)
Event: 12.615 Thread 0x0000027260c70870 4736       3       java.util.EnumMap$Values::iterator (12 bytes)
Event: 12.615 Thread 0x000002725bd683a0 nmethod 4735 0x00000272383faa10 code [0x00000272383fabc0, 0x00000272383faf58]
Event: 12.615 Thread 0x000002725bd683a0 4737       3       java.util.EnumMap$ValueIterator::<init> (11 bytes)
Event: 12.615 Thread 0x0000027260c70870 nmethod 4736 0x00000272383fb090 code [0x00000272383fb240, 0x00000272383fb598]
Event: 12.615 Thread 0x0000027260c70870 4738       3       java.util.EnumMap$EnumMapIterator::<init> (20 bytes)
Event: 12.615 Thread 0x0000027260c70870 nmethod 4738 0x00000272383fb690 code [0x00000272383fb820, 0x00000272383fb9f8]
Event: 12.615 Thread 0x000002725bd683a0 nmethod 4737 0x00000272383fba90 code [0x00000272383fbc40, 0x00000272383fbed8]
Event: 79.949 Thread 0x000002725bd683a0 4739       3       java.util.concurrent.ThreadPoolExecutor::workerCountOf (5 bytes)
Event: 79.949 Thread 0x000002725bd683a0 nmethod 4739 0x00000272383fc010 code [0x00000272383fc1a0, 0x00000272383fc298]

GC Heap History (20 events):
Event: 4.042 GC heap before
{Heap before GC invocations=18 (full 0):
 garbage-first heap   total 581632K, used 347665K [0x0000000603c00000, 0x0000000800000000)
  region size 4096K, 2 young (8192K), 1 survivors (4096K)
 Metaspace       used 5402K, committed 5632K, reserved 1114112K
  class space    used 596K, committed 704K, reserved 1048576K
}
Event: 4.045 GC heap after
{Heap after GC invocations=19 (full 0):
 garbage-first heap   total 581632K, used 347616K [0x0000000603c00000, 0x0000000800000000)
  region size 4096K, 1 young (4096K), 1 survivors (4096K)
 Metaspace       used 5402K, committed 5632K, reserved 1114112K
  class space    used 596K, committed 704K, reserved 1048576K
}
Event: 4.151 GC heap before
{Heap before GC invocations=20 (full 0):
 garbage-first heap   total 602112K, used 359904K [0x0000000603c00000, 0x0000000800000000)
  region size 4096K, 2 young (8192K), 1 survivors (4096K)
 Metaspace       used 5404K, committed 5632K, reserved 1114112K
  class space    used 596K, committed 704K, reserved 1048576K
}
Event: 4.154 GC heap after
{Heap after GC invocations=21 (full 0):
 garbage-first heap   total 602112K, used 359952K [0x0000000603c00000, 0x0000000800000000)
  region size 4096K, 1 young (4096K), 1 survivors (4096K)
 Metaspace       used 5404K, committed 5632K, reserved 1114112K
  class space    used 596K, committed 704K, reserved 1048576K
}
Event: 4.255 GC heap before
{Heap before GC invocations=22 (full 0):
 garbage-first heap   total 622592K, used 372240K [0x0000000603c00000, 0x0000000800000000)
  region size 4096K, 2 young (8192K), 1 survivors (4096K)
 Metaspace       used 5404K, committed 5632K, reserved 1114112K
  class space    used 596K, committed 704K, reserved 1048576K
}
Event: 4.258 GC heap after
{Heap after GC invocations=23 (full 0):
 garbage-first heap   total 622592K, used 372125K [0x0000000603c00000, 0x0000000800000000)
  region size 4096K, 1 young (4096K), 1 survivors (4096K)
 Metaspace       used 5404K, committed 5632K, reserved 1114112K
  class space    used 596K, committed 704K, reserved 1048576K
}
Event: 4.360 GC heap before
{Heap before GC invocations=24 (full 0):
 garbage-first heap   total 643072K, used 384413K [0x0000000603c00000, 0x0000000800000000)
  region size 4096K, 2 young (8192K), 1 survivors (4096K)
 Metaspace       used 5404K, committed 5632K, reserved 1114112K
  class space    used 596K, committed 704K, reserved 1048576K
}
Event: 4.363 GC heap after
{Heap after GC invocations=25 (full 0):
 garbage-first heap   total 643072K, used 384446K [0x0000000603c00000, 0x0000000800000000)
  region size 4096K, 1 young (4096K), 1 survivors (4096K)
 Metaspace       used 5404K, committed 5632K, reserved 1114112K
  class space    used 596K, committed 704K, reserved 1048576K
}
Event: 4.464 GC heap before
{Heap before GC invocations=26 (full 0):
 garbage-first heap   total 663552K, used 396734K [0x0000000603c00000, 0x0000000800000000)
  region size 4096K, 2 young (8192K), 1 survivors (4096K)
 Metaspace       used 5405K, committed 5632K, reserved 1114112K
  class space    used 596K, committed 704K, reserved 1048576K
}
Event: 4.467 GC heap after
{Heap after GC invocations=27 (full 0):
 garbage-first heap   total 663552K, used 396701K [0x0000000603c00000, 0x0000000800000000)
  region size 4096K, 1 young (4096K), 1 survivors (4096K)
 Metaspace       used 5405K, committed 5632K, reserved 1114112K
  class space    used 596K, committed 704K, reserved 1048576K
}
Event: 4.571 GC heap before
{Heap before GC invocations=28 (full 0):
 garbage-first heap   total 684032K, used 408989K [0x0000000603c00000, 0x0000000800000000)
  region size 4096K, 2 young (8192K), 1 survivors (4096K)
 Metaspace       used 5405K, committed 5632K, reserved 1114112K
  class space    used 596K, committed 704K, reserved 1048576K
}
Event: 4.574 GC heap after
{Heap after GC invocations=29 (full 0):
 garbage-first heap   total 684032K, used 409135K [0x0000000603c00000, 0x0000000800000000)
  region size 4096K, 1 young (4096K), 1 survivors (4096K)
 Metaspace       used 5405K, committed 5632K, reserved 1114112K
  class space    used 596K, committed 704K, reserved 1048576K
}
Event: 4.676 GC heap before
{Heap before GC invocations=30 (full 0):
 garbage-first heap   total 712704K, used 421423K [0x0000000603c00000, 0x0000000800000000)
  region size 4096K, 2 young (8192K), 1 survivors (4096K)
 Metaspace       used 5405K, committed 5632K, reserved 1114112K
  class space    used 596K, committed 704K, reserved 1048576K
}
Event: 4.677 GC heap after
{Heap after GC invocations=31 (full 0):
 garbage-first heap   total 712704K, used 421385K [0x0000000603c00000, 0x0000000800000000)
  region size 4096K, 1 young (4096K), 1 survivors (4096K)
 Metaspace       used 5405K, committed 5632K, reserved 1114112K
  class space    used 596K, committed 704K, reserved 1048576K
}
Event: 4.778 GC heap before
{Heap before GC invocations=32 (full 0):
 garbage-first heap   total 737280K, used 433673K [0x0000000603c00000, 0x0000000800000000)
  region size 4096K, 2 young (8192K), 1 survivors (4096K)
 Metaspace       used 5406K, committed 5632K, reserved 1114112K
  class space    used 596K, committed 704K, reserved 1048576K
}
Event: 4.779 GC heap after
{Heap after GC invocations=33 (full 0):
 garbage-first heap   total 737280K, used 433652K [0x0000000603c00000, 0x0000000800000000)
  region size 4096K, 1 young (4096K), 1 survivors (4096K)
 Metaspace       used 5406K, committed 5632K, reserved 1114112K
  class space    used 596K, committed 704K, reserved 1048576K
}
Event: 4.866 GC heap before
{Heap before GC invocations=34 (full 0):
 garbage-first heap   total 753664K, used 445940K [0x0000000603c00000, 0x0000000800000000)
  region size 4096K, 2 young (8192K), 1 survivors (4096K)
 Metaspace       used 5406K, committed 5632K, reserved 1114112K
  class space    used 596K, committed 704K, reserved 1048576K
}
Event: 4.867 GC heap after
{Heap after GC invocations=35 (full 0):
 garbage-first heap   total 753664K, used 445941K [0x0000000603c00000, 0x0000000800000000)
  region size 4096K, 1 young (4096K), 1 survivors (4096K)
 Metaspace       used 5406K, committed 5632K, reserved 1114112K
  class space    used 596K, committed 704K, reserved 1048576K
}
Event: 4.965 GC heap before
{Heap before GC invocations=36 (full 0):
 garbage-first heap   total 778240K, used 458229K [0x0000000603c00000, 0x0000000800000000)
  region size 4096K, 2 young (8192K), 1 survivors (4096K)
 Metaspace       used 5406K, committed 5632K, reserved 1114112K
  class space    used 596K, committed 704K, reserved 1048576K
}
Event: 4.966 GC heap after
{Heap after GC invocations=37 (full 0):
 garbage-first heap   total 933888K, used 458242K [0x0000000603c00000, 0x0000000800000000)
  region size 4096K, 1 young (4096K), 1 survivors (4096K)
 Metaspace       used 5406K, committed 5632K, reserved 1114112K
  class space    used 596K, committed 704K, reserved 1048576K
}

Deoptimization events (20 events):
Event: 10.823 Thread 0x0000027260e19ac0 Uncommon trap: trap_request=0xffffffbe fr.pc=0x000002723f0bce68 relative=0x0000000000000a68
Event: 10.823 Thread 0x0000027260e19ac0 Uncommon trap: reason=profile_predicate action=maybe_recompile pc=0x000002723f0bce68 method=com.sun.prism.impl.ps.PaintHelper.setMultiGradient(Lcom/sun/prism/ps/Shader;Lcom/sun/prism/paint/Gradient;)V @ 24 c2
Event: 10.823 Thread 0x0000027260e19ac0 DEOPT PACKING pc=0x000002723f0bce68 sp=0x000000be4f8fda10
Event: 10.823 Thread 0x0000027260e19ac0 DEOPT UNPACKING pc=0x00000272373523a3 sp=0x000000be4f8fd9d0 mode 2
Event: 10.824 Thread 0x0000027260e19ac0 Uncommon trap: trap_request=0xffffffbe fr.pc=0x000002723f0bce68 relative=0x0000000000000a68
Event: 10.824 Thread 0x0000027260e19ac0 Uncommon trap: reason=profile_predicate action=maybe_recompile pc=0x000002723f0bce68 method=com.sun.prism.impl.ps.PaintHelper.setMultiGradient(Lcom/sun/prism/ps/Shader;Lcom/sun/prism/paint/Gradient;)V @ 24 c2
Event: 10.824 Thread 0x0000027260e19ac0 DEOPT PACKING pc=0x000002723f0bce68 sp=0x000000be4f8fda10
Event: 10.824 Thread 0x0000027260e19ac0 DEOPT UNPACKING pc=0x00000272373523a3 sp=0x000000be4f8fd9d0 mode 2
Event: 10.824 Thread 0x0000027260e19ac0 Uncommon trap: trap_request=0xffffffbe fr.pc=0x000002723f0bce68 relative=0x0000000000000a68
Event: 10.824 Thread 0x0000027260e19ac0 Uncommon trap: reason=profile_predicate action=maybe_recompile pc=0x000002723f0bce68 method=com.sun.prism.impl.ps.PaintHelper.setMultiGradient(Lcom/sun/prism/ps/Shader;Lcom/sun/prism/paint/Gradient;)V @ 24 c2
Event: 10.824 Thread 0x0000027260e19ac0 DEOPT PACKING pc=0x000002723f0bce68 sp=0x000000be4f8fda10
Event: 10.824 Thread 0x0000027260e19ac0 DEOPT UNPACKING pc=0x00000272373523a3 sp=0x000000be4f8fd9d0 mode 2
Event: 11.080 Thread 0x0000027260e19ac0 Uncommon trap: trap_request=0xffffffbe fr.pc=0x000002723f0bce68 relative=0x0000000000000a68
Event: 11.080 Thread 0x0000027260e19ac0 Uncommon trap: reason=profile_predicate action=maybe_recompile pc=0x000002723f0bce68 method=com.sun.prism.impl.ps.PaintHelper.setMultiGradient(Lcom/sun/prism/ps/Shader;Lcom/sun/prism/paint/Gradient;)V @ 24 c2
Event: 11.080 Thread 0x0000027260e19ac0 DEOPT PACKING pc=0x000002723f0bce68 sp=0x000000be4f8fda10
Event: 11.080 Thread 0x0000027260e19ac0 DEOPT UNPACKING pc=0x00000272373523a3 sp=0x000000be4f8fd9d0 mode 2
Event: 11.160 Thread 0x000002726177d640 Uncommon trap: trap_request=0xffffffc6 fr.pc=0x000002723efe4370 relative=0x00000000000000d0
Event: 11.160 Thread 0x000002726177d640 Uncommon trap: reason=bimorphic_or_optimized_type_check action=maybe_recompile pc=0x000002723efe4370 method=com.sun.javafx.collections.VetoableListDecorator.size()I @ 4 c2
Event: 11.160 Thread 0x000002726177d640 DEOPT PACKING pc=0x000002723efe4370 sp=0x000000be4f7faae0
Event: 11.160 Thread 0x000002726177d640 DEOPT UNPACKING pc=0x00000272373523a3 sp=0x000000be4f7faa70 mode 2

Classes loaded (20 events):
Event: 11.167 Loading class sun/text/resources/BreakIteratorInfo
Event: 11.167 Loading class sun/text/resources/BreakIteratorInfo done
Event: 11.167 Loading class sun/text/resources/BreakIteratorResources
Event: 11.167 Loading class sun/util/resources/BreakIteratorResourceBundle
Event: 11.167 Loading class sun/util/resources/BreakIteratorResourceBundle done
Event: 11.167 Loading class sun/text/resources/BreakIteratorResources done
Event: 11.167 Loading class sun/text/resources/BreakIteratorResources_en
Event: 11.167 Loading class sun/text/resources/BreakIteratorResources_en done
Event: 11.167 Loading class sun/text/resources/BreakIteratorResources_en_US
Event: 11.167 Loading class sun/text/resources/BreakIteratorResources_en_US done
Event: 11.168 Loading class sun/text/RuleBasedBreakIterator
Event: 11.168 Loading class sun/text/RuleBasedBreakIterator done
Event: 11.168 Loading class sun/text/CompactByteArray
Event: 11.168 Loading class sun/text/CompactByteArray done
Event: 11.169 Loading class sun/text/SupplementaryCharacterData
Event: 11.169 Loading class sun/text/SupplementaryCharacterData done
Event: 11.169 Loading class java/text/BreakIterator$BreakIteratorCache
Event: 11.169 Loading class java/text/BreakIterator$BreakIteratorCache done
Event: 79.947 Loading class jdk/internal/misc/Signal$1
Event: 79.947 Loading class jdk/internal/misc/Signal$1 done

Classes unloaded (0 events):
No events

Classes redefined (0 events):
No events

Internal exceptions (20 events):
Event: 5.569 Thread 0x000002726177d640 Exception <a 'java/lang/NoSuchMethodError'{0x000000063aa03d78}: 'java.lang.Object java.lang.invoke.DirectMethodHandle$Holder.newInvokeSpecial(java.lang.Object, java.lang.Object, int)'> (0x000000063aa03d78) 
thrown [s\open\src\hotspot\share\interpreter\linkResolver.cpp, line 759]
Event: 5.604 Thread 0x0000027260e19ac0 Exception <a 'java/lang/NoSuchMethodError'{0x000000063a41a4c0}: 'int java.lang.invoke.DirectMethodHandle$Holder.invokeStaticInit(java.lang.Object, java.lang.Object)'> (0x000000063a41a4c0) 
thrown [s\open\src\hotspot\share\interpreter\linkResolver.cpp, line 759]
Event: 5.752 Thread 0x000002726177d640 Exception <a 'java/lang/NoSuchMethodError'{0x000000063ab60238}: 'long java.lang.invoke.DirectMethodHandle$Holder.invokeStatic(java.lang.Object, java.lang.Object, java.lang.Object)'> (0x000000063ab60238) 
thrown [s\open\src\hotspot\share\interpreter\linkResolver.cpp, line 759]
Event: 5.753 Thread 0x000002726177d640 Exception <a 'java/lang/NoSuchMethodError'{0x000000063ab639d8}: 'long java.lang.invoke.DirectMethodHandle$Holder.invokeStaticInit(java.lang.Object, java.lang.Object, java.lang.Object)'> (0x000000063ab639d8) 
thrown [s\open\src\hotspot\share\interpreter\linkResolver.cpp, line 759]
Event: 5.755 Thread 0x000002726177d640 Exception <a 'java/lang/NoSuchMethodError'{0x000000063ab7c020}: 'java.lang.Object java.lang.invoke.DirectMethodHandle$Holder.newInvokeSpecial(java.lang.Object, java.lang.Object, long)'> (0x000000063ab7c020) 
thrown [s\open\src\hotspot\share\interpreter\linkResolver.cpp, line 759]
Event: 5.755 Thread 0x000002726177d640 Exception <a 'java/lang/NoSuchMethodError'{0x000000063ab7fb98}: 'java.lang.Object java.lang.invoke.Invokers$Holder.linkToTargetMethod(java.lang.Object, long, java.lang.Object)'> (0x000000063ab7fb98) 
thrown [s\open\src\hotspot\share\interpreter\linkResolver.cpp, line 759]
Event: 6.540 Thread 0x000002726177d640 Exception <a 'java/lang/NoSuchMethodError'{0x0000000639e044b8}: 'java.lang.Object java.lang.invoke.DirectMethodHandle$Holder.newInvokeSpecial(java.lang.Object, double)'> (0x0000000639e044b8) 
thrown [s\open\src\hotspot\share\interpreter\linkResolver.cpp, line 759]
Event: 6.577 Thread 0x000002726177d640 Exception <a 'java/io/FileNotFoundException'{0x0000000639f4ee18}> (0x0000000639f4ee18) 
thrown [s\open\src\hotspot\share\prims\jni.cpp, line 516]
Event: 6.599 Thread 0x000002726177d640 Exception <a 'java/lang/NoSuchMethodError'{0x000000063980f940}: 'java.lang.Object java.lang.invoke.DirectMethodHandle$Holder.newInvokeSpecial(java.lang.Object, java.lang.Object, java.lang.Object, int)'> (0x000000063980f940) 
thrown [s\open\src\hotspot\share\interpreter\linkResolver.cpp, line 759]
Event: 6.600 Thread 0x000002726177d640 Exception <a 'java/lang/NoSuchMethodError'{0x0000000639813c68}: 'java.lang.Object java.lang.invoke.DirectMethodHandle$Holder.invokeSpecial(java.lang.Object, java.lang.Object, java.lang.Object, java.lang.Object, int)'> (0x0000000639813c68) 
thrown [s\open\src\hotspot\share\interpreter\linkResolver.cpp, line 759]
Event: 6.600 Thread 0x000002726177d640 Exception <a 'java/lang/NoSuchMethodError'{0x0000000639817618}: 'java.lang.Object java.lang.invoke.Invokers$Holder.linkToTargetMethod(java.lang.Object, java.lang.Object, int, java.lang.Object)'> (0x0000000639817618) 
thrown [s\open\src\hotspot\share\interpreter\linkResolver.cpp, line 759]
Event: 6.657 Thread 0x000002726177d640 Exception <a 'java/lang/ClassNotFoundException'{0x0000000639bb1d08}: com/sun/javafx/scene/control/skin/resources/controls> (0x0000000639bb1d08) 
thrown [s\open\src\hotspot\share\prims\jni.cpp, line 535]
Event: 6.658 Thread 0x000002726177d640 Exception <a 'java/lang/ClassNotFoundException'{0x0000000639bbfc90}: com/sun/javafx/scene/control/skin/resources/controls_en> (0x0000000639bbfc90) 
thrown [s\open\src\hotspot\share\prims\jni.cpp, line 535]
Event: 6.658 Thread 0x000002726177d640 Exception <a 'java/lang/ClassNotFoundException'{0x0000000639bc0c10}: com/sun/javafx/scene/control/skin/resources/controls_en_US> (0x0000000639bc0c10) 
thrown [s\open\src\hotspot\share\prims\jni.cpp, line 535]
Event: 6.687 Thread 0x000002726177d640 Exception <a 'java/lang/NoSuchMethodError'{0x000000063953e430}: 'void java.lang.invoke.DirectMethodHandle$Holder.invokeSpecial(java.lang.Object, java.lang.Object, java.lang.Object, java.lang.Object, java.lang.Object, java.lang.Object)'> (0x000000063953e430) 
thrown [s\open\src\hotspot\share\interpreter\linkResolver.cpp, line 759]
Event: 6.736 Thread 0x000002726177d640 Exception <a 'java/lang/NoSuchMethodError'{0x0000000639050368}: 'void java.lang.invoke.DirectMethodHandle$Holder.invokeSpecialIFC(java.lang.Object, java.lang.Object, java.lang.Object, java.lang.Object)'> (0x0000000639050368) 
thrown [s\open\src\hotspot\share\interpreter\linkResolver.cpp, line 759]
Event: 6.991 Thread 0x000002726177d640 Exception <a 'java/lang/NoSuchMethodError'{0x000000063861bb78}: 'void java.lang.invoke.DirectMethodHandle$Holder.invokeSpecial(java.lang.Object, java.lang.Object, int, int)'> (0x000000063861bb78) 
thrown [s\open\src\hotspot\share\interpreter\linkResolver.cpp, line 759]
Event: 6.992 Thread 0x000002726177d640 Exception <a 'java/lang/NoSuchMethodError'{0x0000000638622360}: 'java.lang.Object java.lang.invoke.DirectMethodHandle$Holder.newInvokeSpecial(java.lang.Object, java.lang.Object, int, int)'> (0x0000000638622360) 
thrown [s\open\src\hotspot\share\interpreter\linkResolver.cpp, line 759]
Event: 6.992 Thread 0x000002726177d640 Exception <a 'java/lang/NoSuchMethodError'{0x0000000638626460}: 'java.lang.Object java.lang.invoke.DirectMethodHandle$Holder.invokeSpecial(java.lang.Object, java.lang.Object, java.lang.Object, int, int)'> (0x0000000638626460) 
thrown [s\open\src\hotspot\share\interpreter\linkResolver.cpp, line 759]
Event: 7.210 Thread 0x0000027260e19ac0 Exception <a 'java/lang/NoSuchMethodError'{0x000000063a163d48}: 'java.lang.Object java.lang.invoke.DirectMethodHandle$Holder.invokeStaticInit(java.lang.Object, int)'> (0x000000063a163d48) 
thrown [s\open\src\hotspot\share\interpreter\linkResolver.cpp, line 759]

VM Operations (20 events):
Event: 6.960 Executing VM operation: ICBufferFull done
Event: 7.241 Executing VM operation: HandshakeAllThreads
Event: 7.241 Executing VM operation: HandshakeAllThreads done
Event: 7.721 Executing VM operation: ICBufferFull
Event: 7.721 Executing VM operation: ICBufferFull done
Event: 7.936 Executing VM operation: HandshakeAllThreads
Event: 7.936 Executing VM operation: HandshakeAllThreads done
Event: 8.336 Executing VM operation: HandshakeAllThreads
Event: 8.337 Executing VM operation: HandshakeAllThreads done
Event: 8.337 Executing VM operation: ICBufferFull
Event: 8.337 Executing VM operation: ICBufferFull done
Event: 10.232 Executing VM operation: ICBufferFull
Event: 10.233 Executing VM operation: ICBufferFull done
Event: 11.233 Executing VM operation: Cleanup
Event: 11.233 Executing VM operation: Cleanup done
Event: 12.234 Executing VM operation: Cleanup
Event: 12.234 Executing VM operation: Cleanup done
Event: 13.234 Executing VM operation: Cleanup
Event: 13.234 Executing VM operation: Cleanup done
Event: 79.949 Executing VM operation: Exit

Events (20 events):
Event: 6.938 Thread 0x00000272627cdd20 Thread added: 0x00000272627cdd20
Event: 7.123 Thread 0x00000272627ccdf0 Thread exited: 0x00000272627ccdf0
Event: 7.606 Thread 0x00000272627cd810 Thread exited: 0x00000272627cd810
Event: 7.606 Thread 0x00000272627cc3d0 Thread exited: 0x00000272627cc3d0
Event: 7.669 Thread 0x000002726123af60 Thread exited: 0x000002726123af60
Event: 8.257 Thread 0x00000272627cc3d0 Thread added: 0x00000272627cc3d0
Event: 8.641 Thread 0x00000272627cc3d0 Thread exited: 0x00000272627cc3d0
Event: 9.881 Thread 0x00000272627cbec0 Thread added: 0x00000272627cbec0
Event: 9.881 Thread 0x00000272627cd300 Thread added: 0x00000272627cd300
Event: 11.079 Thread 0x00000272627cd300 Thread exited: 0x00000272627cd300
Event: 11.873 Thread 0x00000272627cdd20 Thread exited: 0x00000272627cdd20
Event: 11.908 Thread 0x0000027262705200 Thread exited: 0x0000027262705200
Event: 11.985 Thread 0x00000272627cbec0 Thread exited: 0x00000272627cbec0
Event: 17.615 Thread 0x0000027260c70870 Thread exited: 0x0000027260c70870
Event: 79.947 Thread 0x0000027262266ef0 Thread added: 0x0000027262266ef0
Event: 79.948 Thread 0x000002726163ff60 Thread added: 0x000002726163ff60
Event: 79.948 Thread 0x000002726163d410 Thread added: 0x000002726163d410
Event: 79.948 Thread 0x000002726163d410 Thread exited: 0x000002726163d410
Event: 79.949 Thread 0x000002726163ff60 Thread exited: 0x000002726163ff60
Event: 79.949 Thread 0x000002725bd56160 Thread exited: 0x000002725bd56160


Dynamic libraries:
0x00007ff6421d0000 - 0x00007ff6421e0000 	C:\Program Files\Java\jdk-18.0.2.1\bin\java.exe
0x00007ffd28170000 - 0x00007ffd28367000 	C:\Windows\SYSTEM32\ntdll.dll
0x00007ffd26b30000 - 0x00007ffd26bed000 	C:\Windows\System32\KERNEL32.DLL
0x00007ffd25d10000 - 0x00007ffd26006000 	C:\Windows\System32\KERNELBASE.dll
0x00007ffd25a80000 - 0x00007ffd25b80000 	C:\Windows\System32\ucrtbase.dll
0x00007ffcf0770000 - 0x00007ffcf0788000 	C:\Program Files\Java\jdk-18.0.2.1\bin\jli.dll
0x00007ffcedae0000 - 0x00007ffcedafa000 	C:\Program Files\Java\jdk-18.0.2.1\bin\VCRUNTIME140.dll
0x00007ffd261d0000 - 0x00007ffd2627e000 	C:\Windows\System32\ADVAPI32.dll
0x00007ffd264f0000 - 0x00007ffd2658e000 	C:\Windows\System32\msvcrt.dll
0x00007ffd27100000 - 0x00007ffd2719c000 	C:\Windows\System32\sechost.dll
0x00007ffd26760000 - 0x00007ffd26886000 	C:\Windows\System32\RPCRT4.dll
0x00007ffd26280000 - 0x00007ffd2641e000 	C:\Windows\System32\USER32.dll
0x00007ffd26170000 - 0x00007ffd26192000 	C:\Windows\System32\win32u.dll
0x00007ffd26ad0000 - 0x00007ffd26afc000 	C:\Windows\System32\GDI32.dll
0x00007ffcfcea0000 - 0x00007ffcfd13a000 	C:\Windows\WinSxS\amd64_microsoft.windows.common-controls_6595b64144ccf1df_6.0.19041.3570_none_60bb2a3971f3e41a\COMCTL32.dll
0x00007ffd258c0000 - 0x00007ffd259da000 	C:\Windows\System32\gdi32full.dll
0x00007ffd259e0000 - 0x00007ffd25a7d000 	C:\Windows\System32\msvcp_win.dll
0x00007ffd1bbe0000 - 0x00007ffd1bbea000 	C:\Windows\SYSTEM32\VERSION.dll
0x00007ffd26b00000 - 0x00007ffd26b30000 	C:\Windows\System32\IMM32.DLL
0x00007ffd0dc90000 - 0x00007ffd0dc9c000 	C:\Program Files\Java\jdk-18.0.2.1\bin\vcruntime140_1.dll
0x00007ffcd6040000 - 0x00007ffcd60cd000 	C:\Program Files\Java\jdk-18.0.2.1\bin\msvcp140.dll
0x00007ffca1550000 - 0x00007ffca2161000 	C:\Program Files\Java\jdk-18.0.2.1\bin\server\jvm.dll
0x00007ffd26420000 - 0x00007ffd26428000 	C:\Windows\System32\PSAPI.DLL
0x00007ffd1e530000 - 0x00007ffd1e539000 	C:\Windows\SYSTEM32\WSOCK32.dll
0x00007ffd23e20000 - 0x00007ffd23e47000 	C:\Windows\SYSTEM32\WINMM.dll
0x00007ffd27c50000 - 0x00007ffd27cbb000 	C:\Windows\System32\WS2_32.dll
0x00007ffd24080000 - 0x00007ffd24092000 	C:\Windows\SYSTEM32\kernel.appcore.dll
0x00007ffcfa030000 - 0x00007ffcfa03a000 	C:\Program Files\Java\jdk-18.0.2.1\bin\jimage.dll
0x00007ffd23c30000 - 0x00007ffd23e14000 	C:\Windows\SYSTEM32\DBGHELP.DLL
0x00007ffd23bf0000 - 0x00007ffd23c24000 	C:\Windows\SYSTEM32\dbgcore.DLL
0x00007ffd25b80000 - 0x00007ffd25c02000 	C:\Windows\System32\bcryptPrimitives.dll
0x00007ffd20ce0000 - 0x00007ffd20cee000 	C:\Program Files\Java\jdk-18.0.2.1\bin\instrument.dll
0x00007ffce57b0000 - 0x00007ffce57d5000 	C:\Program Files\Java\jdk-18.0.2.1\bin\java.dll
0x00007ffcd5700000 - 0x00007ffcd57d6000 	C:\Program Files\Java\jdk-18.0.2.1\bin\jsvml.dll
0x00007ffd27500000 - 0x00007ffd27c44000 	C:\Windows\System32\SHELL32.dll
0x00007ffd23380000 - 0x00007ffd23b1b000 	C:\Windows\SYSTEM32\windows.storage.dll
0x00007ffd271a0000 - 0x00007ffd274f4000 	C:\Windows\System32\combase.dll
0x00007ffd25290000 - 0x00007ffd252bd000 	C:\Windows\SYSTEM32\Wldp.dll
0x00007ffd266b0000 - 0x00007ffd2675d000 	C:\Windows\System32\SHCORE.dll
0x00007ffd26430000 - 0x00007ffd26485000 	C:\Windows\System32\shlwapi.dll
0x00007ffd25780000 - 0x00007ffd257a5000 	C:\Windows\SYSTEM32\profapi.dll
0x00007ffce3600000 - 0x00007ffce3613000 	C:\Program Files\Java\jdk-18.0.2.1\bin\net.dll
0x00007ffd1f8f0000 - 0x00007ffd1f9fa000 	C:\Windows\SYSTEM32\WINHTTP.dll
0x00007ffd24ff0000 - 0x00007ffd2505a000 	C:\Windows\system32\mswsock.dll
0x00007ffce3580000 - 0x00007ffce3596000 	C:\Program Files\Java\jdk-18.0.2.1\bin\nio.dll
0x00007ffce2010000 - 0x00007ffce2028000 	C:\Program Files\Java\jdk-18.0.2.1\bin\zip.dll
0x00007ffd0dc70000 - 0x00007ffd0dc8a000 	C:\Program Files\JetBrains\IntelliJ IDEA Community Edition 2023.2.2\bin\breakgen64.dll
0x000002722d9a0000 - 0x000002722d9a3000 	C:\Users\jango\.openjfx\cache\20+19\amd64\api-ms-win-core-console-l1-1-0.dll
0x000002722d9b0000 - 0x000002722d9b3000 	C:\Users\jango\.openjfx\cache\20+19\amd64\api-ms-win-core-console-l1-2-0.dll
0x000002722d9c0000 - 0x000002722d9c3000 	C:\Users\jango\.openjfx\cache\20+19\amd64\api-ms-win-core-datetime-l1-1-0.dll
0x000002722d9d0000 - 0x000002722d9d3000 	C:\Users\jango\.openjfx\cache\20+19\amd64\api-ms-win-core-debug-l1-1-0.dll
0x000002725ca40000 - 0x000002725ca43000 	C:\Users\jango\.openjfx\cache\20+19\amd64\api-ms-win-core-errorhandling-l1-1-0.dll
0x000002725ca50000 - 0x000002725ca54000 	C:\Users\jango\.openjfx\cache\20+19\amd64\api-ms-win-core-file-l1-1-0.dll
0x000002725ca60000 - 0x000002725ca63000 	C:\Users\jango\.openjfx\cache\20+19\amd64\api-ms-win-core-file-l1-2-0.dll
0x000002725cb90000 - 0x000002725cb93000 	C:\Users\jango\.openjfx\cache\20+19\amd64\api-ms-win-core-file-l2-1-0.dll
0x000002725cba0000 - 0x000002725cba3000 	C:\Users\jango\.openjfx\cache\20+19\amd64\api-ms-win-core-handle-l1-1-0.dll
0x000002725cbb0000 - 0x000002725cbb3000 	C:\Users\jango\.openjfx\cache\20+19\amd64\api-ms-win-core-heap-l1-1-0.dll
0x000002725cbc0000 - 0x000002725cbc3000 	C:\Users\jango\.openjfx\cache\20+19\amd64\api-ms-win-core-interlocked-l1-1-0.dll
0x000002725cbd0000 - 0x000002725cbd3000 	C:\Users\jango\.openjfx\cache\20+19\amd64\api-ms-win-core-libraryloader-l1-1-0.dll
0x000002725cbe0000 - 0x000002725cbe3000 	C:\Users\jango\.openjfx\cache\20+19\amd64\api-ms-win-core-localization-l1-2-0.dll
0x000002725cbf0000 - 0x000002725cbf3000 	C:\Users\jango\.openjfx\cache\20+19\amd64\api-ms-win-core-memory-l1-1-0.dll
0x0000027262910000 - 0x0000027262913000 	C:\Users\jango\.openjfx\cache\20+19\amd64\api-ms-win-core-namedpipe-l1-1-0.dll
0x0000027262920000 - 0x0000027262923000 	C:\Users\jango\.openjfx\cache\20+19\amd64\api-ms-win-core-processenvironment-l1-1-0.dll
0x0000027262930000 - 0x0000027262933000 	C:\Users\jango\.openjfx\cache\20+19\amd64\api-ms-win-core-processthreads-l1-1-0.dll
0x0000027262940000 - 0x0000027262943000 	C:\Users\jango\.openjfx\cache\20+19\amd64\api-ms-win-core-processthreads-l1-1-1.dll
0x0000027262950000 - 0x0000027262953000 	C:\Users\jango\.openjfx\cache\20+19\amd64\api-ms-win-core-profile-l1-1-0.dll
0x0000027262960000 - 0x0000027262963000 	C:\Users\jango\.openjfx\cache\20+19\amd64\api-ms-win-core-rtlsupport-l1-1-0.dll
0x0000027262970000 - 0x0000027262973000 	C:\Users\jango\.openjfx\cache\20+19\amd64\api-ms-win-core-string-l1-1-0.dll
0x0000027262980000 - 0x0000027262983000 	C:\Users\jango\.openjfx\cache\20+19\amd64\api-ms-win-core-synch-l1-1-0.dll
0x0000027262990000 - 0x0000027262993000 	C:\Users\jango\.openjfx\cache\20+19\amd64\api-ms-win-core-synch-l1-2-0.dll
0x000002725ca70000 - 0x000002725ca73000 	C:\Users\jango\.openjfx\cache\20+19\amd64\api-ms-win-core-sysinfo-l1-1-0.dll
0x000002725ca80000 - 0x000002725ca83000 	C:\Users\jango\.openjfx\cache\20+19\amd64\api-ms-win-core-timezone-l1-1-0.dll
0x000002725ca90000 - 0x000002725ca93000 	C:\Users\jango\.openjfx\cache\20+19\amd64\api-ms-win-core-util-l1-1-0.dll
0x000002725caa0000 - 0x000002725caa3000 	C:\Users\jango\.openjfx\cache\20+19\amd64\api-ms-win-crt-conio-l1-1-0.dll
0x000002725cab0000 - 0x000002725cab4000 	C:\Users\jango\.openjfx\cache\20+19\amd64\api-ms-win-crt-convert-l1-1-0.dll
0x000002725cac0000 - 0x000002725cac3000 	C:\Users\jango\.openjfx\cache\20+19\amd64\api-ms-win-crt-environment-l1-1-0.dll
0x000002725cad0000 - 0x000002725cad3000 	C:\Users\jango\.openjfx\cache\20+19\amd64\api-ms-win-crt-filesystem-l1-1-0.dll
0x000002725cae0000 - 0x000002725cae3000 	C:\Users\jango\.openjfx\cache\20+19\amd64\api-ms-win-crt-heap-l1-1-0.dll
0x000002725caf0000 - 0x000002725caf3000 	C:\Users\jango\.openjfx\cache\20+19\amd64\api-ms-win-crt-locale-l1-1-0.dll
0x000002725cb00000 - 0x000002725cb05000 	C:\Users\jango\.openjfx\cache\20+19\amd64\api-ms-win-crt-math-l1-1-0.dll
0x000002725cb10000 - 0x000002725cb15000 	C:\Users\jango\.openjfx\cache\20+19\amd64\api-ms-win-crt-multibyte-l1-1-0.dll
0x000002725cb20000 - 0x000002725cb30000 	C:\Users\jango\.openjfx\cache\20+19\amd64\api-ms-win-crt-private-l1-1-0.dll
0x000002725cb30000 - 0x000002725cb33000 	C:\Users\jango\.openjfx\cache\20+19\amd64\api-ms-win-crt-process-l1-1-0.dll
0x000002725cb40000 - 0x000002725cb44000 	C:\Users\jango\.openjfx\cache\20+19\amd64\api-ms-win-crt-runtime-l1-1-0.dll
0x000002725cb50000 - 0x000002725cb54000 	C:\Users\jango\.openjfx\cache\20+19\amd64\api-ms-win-crt-stdio-l1-1-0.dll
0x000002725cb60000 - 0x000002725cb64000 	C:\Users\jango\.openjfx\cache\20+19\amd64\api-ms-win-crt-string-l1-1-0.dll
0x000002725cb70000 - 0x000002725cb73000 	C:\Users\jango\.openjfx\cache\20+19\amd64\api-ms-win-crt-time-l1-1-0.dll
0x000002725cb80000 - 0x000002725cb83000 	C:\Users\jango\.openjfx\cache\20+19\amd64\api-ms-win-crt-utility-l1-1-0.dll
0x00007ffcd67b0000 - 0x00007ffcd68ac000 	C:\Users\jango\.openjfx\cache\20+19\amd64\ucrtbase.dll
0x00007ffd0dc50000 - 0x00007ffd0dc6b000 	C:\Users\jango\.openjfx\cache\20+19\amd64\vcruntime140.dll
0x00007ffd1cdf0000 - 0x00007ffd1cdfc000 	C:\Users\jango\.openjfx\cache\20+19\amd64\vcruntime140_1.dll
0x00007ffcdbc70000 - 0x00007ffcdbcfe000 	C:\Users\jango\.openjfx\cache\20+19\amd64\msvcp140.dll
0x00007ffd0dd60000 - 0x00007ffd0dd69000 	C:\Users\jango\.openjfx\cache\20+19\amd64\msvcp140_1.dll
0x00007ffced2b0000 - 0x00007ffced2e0000 	C:\Users\jango\.openjfx\cache\20+19\amd64\msvcp140_2.dll
0x00007ffceca00000 - 0x00007ffceca2f000 	C:\Users\jango\.openjfx\cache\20+19\amd64\prism_d3d.dll
0x00007ffca7130000 - 0x00007ffca72fd000 	C:\Windows\system32\d3d9.dll
0x00007ffd22c80000 - 0x00007ffd22caf000 	C:\Windows\SYSTEM32\dwmapi.dll
0x00007ffd22b80000 - 0x00007ffd22c1e000 	C:\Windows\system32\uxtheme.dll
0x00007ffd261a0000 - 0x00007ffd261c7000 	C:\Windows\System32\bcrypt.dll
0x00007ffd25420000 - 0x00007ffd25432000 	C:\Windows\SYSTEM32\msasn1.dll
0x00007ffd1ae80000 - 0x00007ffd1aeb1000 	C:\Windows\SYSTEM32\cryptnet.dll
0x00007ffd26010000 - 0x00007ffd2616d000 	C:\Windows\System32\CRYPT32.dll
0x00007ffd25200000 - 0x00007ffd2520c000 	C:\Windows\SYSTEM32\cryptbase.dll
0x00007ffd25850000 - 0x00007ffd258b7000 	C:\Windows\System32\WINTRUST.DLL
0x00007ffd270e0000 - 0x00007ffd270fd000 	C:\Windows\System32\imagehlp.dll
0x00007ffd251e0000 - 0x00007ffd251f8000 	C:\Windows\SYSTEM32\CRYPTSP.dll
0x00007ffd24890000 - 0x00007ffd248c4000 	C:\Windows\system32\rsaenh.dll
0x00007ffce4490000 - 0x00007ffce44d2000 	C:\Users\jango\.openjfx\cache\20+19\amd64\glass.dll
0x00007ffd26bf0000 - 0x00007ffd26cca000 	C:\Windows\System32\COMDLG32.dll
0x00007ffd26910000 - 0x00007ffd26a3b000 	C:\Windows\System32\ole32.dll
0x00007ffd27000000 - 0x00007ffd270cd000 	C:\Windows\System32\OLEAUT32.dll
0x00007ffd26590000 - 0x00007ffd266a4000 	C:\Windows\System32\MSCTF.dll
0x00007ffce4580000 - 0x00007ffce463d000 	C:\Windows\System32\DriverStore\FileRepository\nvdm.inf_amd64_5d0387ca958e09ef\nvldumdx.dll
0x00007ffd15fb0000 - 0x00007ffd160f8000 	C:\Windows\SYSTEM32\drvstore.dll
0x00007ffd255e0000 - 0x00007ffd25613000 	C:\Windows\SYSTEM32\devobj.dll
0x00007ffd25c10000 - 0x00007ffd25c5e000 	C:\Windows\System32\cfgmgr32.dll
0x00007ffc9c2a0000 - 0x00007ffc9f194000 	C:\Windows\System32\DriverStore\FileRepository\nvdm.inf_amd64_5d0387ca958e09ef\nvd3dumx.dll
0x00007ffcb18b0000 - 0x00007ffcb1b6e000 	C:\Windows\system32\nvspcap64.dll
0x00007ffd249d0000 - 0x00007ffd24a03000 	C:\Windows\SYSTEM32\ntmarta.dll
0x00007ffd240a0000 - 0x00007ffd240c3000 	C:\Windows\SYSTEM32\gpapi.dll
0x00007ffd1bde0000 - 0x00007ffd1be1b000 	C:\Windows\SYSTEM32\dxcore.dll
0x00007ffcb20c0000 - 0x00007ffcb2268000 	C:\Windows\System32\DriverStore\FileRepository\iigd_dch.inf_amd64_e396b69e113d1cc5\igdumdim64.dll
0x00007ffc54230000 - 0x00007ffc57e4f000 	C:\Windows\System32\DriverStore\FileRepository\iigd_dch.inf_amd64_e396b69e113d1cc5\igd9dxva64.dll
0x00007ffd27cc0000 - 0x00007ffd2812e000 	C:\Windows\System32\SETUPAPI.dll
0x00007ffd196f0000 - 0x00007ffd19ab8000 	C:\Windows\System32\DriverStore\FileRepository\iigd_dch.inf_amd64_e396b69e113d1cc5\igdgmm64.dll
0x00007ffd0dde0000 - 0x00007ffd0de07000 	C:\Windows\System32\DriverStore\FileRepository\iigd_dch.inf_amd64_e396b69e113d1cc5\igdinfo64.dll
0x00007ffd16100000 - 0x00007ffd196e6000 	C:\Windows\System32\DriverStore\FileRepository\iigd_dch.inf_amd64_e396b69e113d1cc5\igc64.dll
0x00007ffcec9e0000 - 0x00007ffcec9f4000 	C:\Users\jango\.openjfx\cache\20+19\amd64\javafx_font.dll

dbghelp: loaded successfully - version: 4.0.5 - missing functions: none
symbol engine: initialized successfully - sym options: 0x614 - pdb path: .;C:\Program Files\Java\jdk-18.0.2.1\bin;C:\Windows\SYSTEM32;C:\Windows\WinSxS\amd64_microsoft.windows.common-controls_6595b64144ccf1df_6.0.19041.3570_none_60bb2a3971f3e41a;C:\Program Files\Java\jdk-18.0.2.1\bin\server;C:\Program Files\JetBrains\IntelliJ IDEA Community Edition 2023.2.2\bin;C:\Users\jango\.openjfx\cache\20+19\amd64;C:\Windows\System32\DriverStore\FileRepository\nvdm.inf_amd64_5d0387ca958e09ef;C:\Windows\System32\DriverStore\FileRepository\iigd_dch.inf_amd64_e396b69e113d1cc5;C:\Program Files\Common Files\Microsoft Shared\Ink

VM Arguments:
jvm_args: -javaagent:C:\Program Files\JetBrains\IntelliJ IDEA Community Edition 2023.2.2\lib\idea_rt.jar=53804:C:\Program Files\JetBrains\IntelliJ IDEA Community Edition 2023.2.2\bin -Dfile.encoding=UTF-8 -Dsun.stdout.encoding=UTF-8 -Dsun.stderr.encoding=UTF-8 --module-path=C:\Users\jango\.m2\repository\org\openjfx\javafx-graphics\20\javafx-graphics-20-win.jar;C:\Users\jango\.m2\repository\org\openjfx\javafx-fxml\20\javafx-fxml-20-win.jar;C:\Users\jango\.m2\repository\org\openjfx\javafx-base\20\javafx-base-20-win.jar;C:\git\EgretRepo\GymManagerEgret\target\classes;C:\Users\jango\.m2\repository\com\google\code\gson\gson\2.10.1\gson-2.10.1.jar;C:\Users\jango\.m2\repository\com\opencsv\opencsv\5.2\opencsv-5.2.jar;C:\Users\jango\.m2\repository\org\openjfx\javafx-controls\20\javafx-controls-20-win.jar -Djdk.module.main=edu.augustana 
java_command: edu.augustana/edu.augustana.App
java_class_path (initial): C:\Users\jango\.m2\repository\org\openjfx\javafx-controls\20\javafx-controls-20.jar;C:\Users\jango\.m2\repository\org\openjfx\javafx-graphics\20\javafx-graphics-20.jar;C:\Users\jango\.m2\repository\org\openjfx\javafx-base\20\javafx-base-20.jar;C:\Users\jango\.m2\repository\org\openjfx\javafx-fxml\20\javafx-fxml-20.jar;C:\Users\jango\.m2\repository\org\apache\commons\commons-lang3\3.10\commons-lang3-3.10.jar;C:\Users\jango\.m2\repository\org\apache\commons\commons-text\1.8\commons-text-1.8.jar;C:\Users\jango\.m2\repository\commons-beanutils\commons-beanutils\1.9.4\commons-beanutils-1.9.4.jar;C:\Users\jango\.m2\repository\commons-logging\commons-logging\1.2\commons-logging-1.2.jar;C:\Users\jango\.m2\repository\commons-collections\commons-collections\3.2.2\commons-collections-3.2.2.jar;C:\Users\jango\.m2\repository\org\apache\commons\commons-collections4\4.4\commons-collections4-4.4.jar
Launcher Type: SUN_STANDARD

[Global flags]
     intx CICompilerCount                          = 12                                        {product} {ergonomic}
     uint ConcGCThreads                            = 3                                         {product} {ergonomic}
     uint G1ConcRefinementThreads                  = 13                                        {product} {ergonomic}
   size_t G1HeapRegionSize                         = 4194304                                   {product} {ergonomic}
    uintx GCDrainStackTargetSize                   = 64                                        {product} {ergonomic}
   size_t InitialHeapSize                          = 536870912                                 {product} {ergonomic}
   size_t MarkStackSize                            = 4194304                                   {product} {ergonomic}
   size_t MaxHeapSize                              = 8527020032                                {product} {ergonomic}
   size_t MaxNewSize                               = 5112856576                                {product} {ergonomic}
   size_t MinHeapDeltaBytes                        = 4194304                                   {product} {ergonomic}
   size_t MinHeapSize                              = 8388608                                   {product} {ergonomic}
    uintx NonNMethodCodeHeapSize                   = 7602480                                {pd product} {ergonomic}
    uintx NonProfiledCodeHeapSize                  = 122027880                              {pd product} {ergonomic}
    uintx ProfiledCodeHeapSize                     = 122027880                              {pd product} {ergonomic}
    uintx ReservedCodeCacheSize                    = 251658240                              {pd product} {ergonomic}
     bool SegmentedCodeCache                       = true                                      {product} {ergonomic}
   size_t SoftMaxHeapSize                          = 8527020032                             {manageable} {ergonomic}
     bool UseCompressedClassPointers               = true                           {product lp64_product} {ergonomic}
     bool UseCompressedOops                        = true                           {product lp64_product} {ergonomic}
     bool UseG1GC                                  = true                                      {product} {ergonomic}
     bool UseLargePagesIndividualAllocation        = false                                  {pd product} {ergonomic}

Logging:
Log output configuration:
 #0: stdout all=off uptime,level,tags foldmultilines=false
 #1: stderr all=off uptime,level,tags foldmultilines=false

Environment Variables:
PATH=C:\Program Files\Common Files\Oracle\Java\javapath;C:\Windows\system32;C:\Windows;C:\Windows\System32\Wbem;C:\Windows\System32\WindowsPowerShell\v1.0\;C:\Windows\System32\OpenSSH\;C:\Program Files (x86)\NVIDIA Corporation\PhysX\Common;C:\Program Files\NVIDIA Corporation\NVIDIA NvDLISR;C:\Program Files\dotnet\;C:\Program Files\Git\cmd;C:\Users\jango\AppData\Local\Microsoft\WindowsApps;;C:\Users\jango\AppData\Local\Programs\Microsoft VS Code\bin
USERNAME=jango
OS=Windows_NT
PROCESSOR_IDENTIFIER=Intel64 Family 6 Model 165 Stepping 2, GenuineIntel



---------------  S Y S T E M  ---------------

OS:
 Windows 10 , 64 bit Build 19041 (10.0.19041.3570)
OS uptime: 1 days 1:45 hours

CPU: total 16 (initial active 16) (8 cores per cpu, 2 threads per core) family 6 model 165 stepping 2 microcode 0xf4, cx8, cmov, fxsr, ht, mmx, 3dnowpref, sse, sse2, sse3, ssse3, sse4.1, sse4.2, popcnt, lzcnt, tsc, tscinvbit, avx, avx2, aes, erms, clmul, bmi1, bmi2, adx, fma, vzeroupper, clflush, clflushopt

Memory: 4k page, system-wide physical 32512M (21311M free)
TotalPageFile size 37376M (AvailPageFile size 16915M)
current process WorkingSet (physical memory assigned to process): 588M, peak: 699M
current process commit charge ("private bytes"): 1505M, peak: 1635M

vm_info: Java HotSpot(TM) 64-Bit Server VM (18.0.2.1+1-1) for windows-amd64 JRE (18.0.2.1+1-1), built on Aug 16 2022 01:46:33 by "mach5one" with MS VC++ 16.8 / 16.9 (VS2019)

END.
